{"/home/travis/build/npmtest/node-npmtest-fluent-ffmpeg/test.js":{"path":"/home/travis/build/npmtest/node-npmtest-fluent-ffmpeg/test.js","s":{"1":2,"2":2,"3":2,"4":2,"5":2,"6":2,"7":2,"8":1,"9":2,"10":2,"11":1,"12":1,"13":1,"14":1,"15":2,"16":2,"17":2,"18":2,"19":1,"20":1,"21":2,"22":2,"23":2,"24":1,"25":1,"26":1,"27":1,"28":1,"29":1,"30":1,"31":1,"32":1,"33":1,"34":1,"35":1,"36":1,"37":1,"38":1,"39":2,"40":2,"41":1,"42":2,"43":2,"44":1,"45":2,"46":2,"47":1,"48":2,"49":2,"50":1,"51":1,"52":1,"53":1,"54":1},"b":{"1":[2,1,1,1],"2":[1,1,1,1],"3":[1,1],"4":[1,1],"5":[1,1],"6":[1,1],"7":[1,1],"8":[1,1],"9":[1,1],"10":[1,1,1],"11":[1,1],"12":[1,1],"13":[1,1],"14":[1,1],"15":[1,1],"16":[1,1],"17":[1,1]},"f":{"1":2,"2":2,"3":2,"4":2,"5":2,"6":1,"7":1,"8":1,"9":2,"10":2,"11":2,"12":2,"13":1},"fnMap":{"1":{"name":"(anonymous_1)","line":12,"loc":{"start":{"line":12,"column":1},"end":{"line":12,"column":13}}},"2":{"name":"(anonymous_2)","line":19,"loc":{"start":{"line":19,"column":5},"end":{"line":19,"column":17}}},"3":{"name":"(anonymous_3)","line":23,"loc":{"start":{"line":23,"column":24},"end":{"line":23,"column":36}}},"4":{"name":"(anonymous_4)","line":61,"loc":{"start":{"line":61,"column":5},"end":{"line":61,"column":17}}},"5":{"name":"(anonymous_5)","line":82,"loc":{"start":{"line":82,"column":5},"end":{"line":82,"column":17}}},"6":{"name":"(anonymous_6)","line":91,"loc":{"start":{"line":91,"column":77},"end":{"line":94,"column":10}}},"7":{"name":"(anonymous_7)","line":112,"loc":{"start":{"line":112,"column":83},"end":{"line":115,"column":10}},"skip":true},"8":{"name":"(anonymous_8)","line":123,"loc":{"start":{"line":123,"column":77},"end":{"line":126,"column":10}},"skip":true},"9":{"name":"(anonymous_9)","line":139,"loc":{"start":{"line":139,"column":12},"end":{"line":139,"column":40}},"skip":true},"10":{"name":"(anonymous_10)","line":147,"loc":{"start":{"line":147,"column":77},"end":{"line":150,"column":10}},"skip":true},"11":{"name":"(anonymous_11)","line":158,"loc":{"start":{"line":158,"column":83},"end":{"line":161,"column":10}},"skip":true},"12":{"name":"(anonymous_12)","line":169,"loc":{"start":{"line":169,"column":79},"end":{"line":172,"column":10}},"skip":true},"13":{"name":"(anonymous_13)","line":180,"loc":{"start":{"line":180,"column":75},"end":{"line":183,"column":10}},"skip":true}},"statementMap":{"1":{"start":{"line":12,"column":0},"end":{"line":195,"column":5}},"2":{"start":{"line":14,"column":4},"end":{"line":14,"column":14}},"3":{"start":{"line":19,"column":4},"end":{"line":56,"column":9}},"4":{"start":{"line":21,"column":8},"end":{"line":21,"column":19}},"5":{"start":{"line":23,"column":8},"end":{"line":35,"column":13}},"6":{"start":{"line":24,"column":12},"end":{"line":34,"column":13}},"7":{"start":{"line":25,"column":16},"end":{"line":28,"column":30}},"8":{"start":{"line":30,"column":16},"end":{"line":33,"column":27}},"9":{"start":{"line":37,"column":8},"end":{"line":39,"column":21}},"10":{"start":{"line":40,"column":8},"end":{"line":53,"column":9}},"11":{"start":{"line":43,"column":12},"end":{"line":46,"column":14}},"12":{"start":{"line":47,"column":12},"end":{"line":47,"column":18}},"13":{"start":{"line":50,"column":12},"end":{"line":51,"column":46}},"14":{"start":{"line":52,"column":12},"end":{"line":52,"column":18}},"15":{"start":{"line":55,"column":8},"end":{"line":55,"column":35}},"16":{"start":{"line":61,"column":4},"end":{"line":63,"column":9}},"17":{"start":{"line":62,"column":8},"end":{"line":62,"column":15}},"18":{"start":{"line":64,"column":4},"end":{"line":77,"column":5}},"19":{"start":{"line":70,"column":8},"end":{"line":70,"column":14}},"20":{"start":{"line":76,"column":8},"end":{"line":76,"column":14}},"21":{"start":{"line":82,"column":4},"end":{"line":84,"column":9}},"22":{"start":{"line":83,"column":8},"end":{"line":83,"column":15}},"23":{"start":{"line":85,"column":4},"end":{"line":194,"column":5}},"24":{"start":{"line":91,"column":8},"end":{"line":99,"column":10}},"25":{"start":{"line":98,"column":12},"end":{"line":98,"column":35}},"26":{"start":{"line":102,"column":8},"end":{"line":104,"column":63}},"27":{"start":{"line":105,"column":8},"end":{"line":105,"column":14}},"28":{"start":{"line":112,"column":8},"end":{"line":121,"column":10},"skip":true},"29":{"start":{"line":119,"column":12},"end":{"line":119,"column":55},"skip":true},"30":{"start":{"line":120,"column":12},"end":{"line":120,"column":48},"skip":true},"31":{"start":{"line":123,"column":8},"end":{"line":136,"column":10},"skip":true},"32":{"start":{"line":130,"column":12},"end":{"line":130,"column":76},"skip":true},"33":{"start":{"line":131,"column":12},"end":{"line":131,"column":73},"skip":true},"34":{"start":{"line":132,"column":12},"end":{"line":132,"column":74},"skip":true},"35":{"start":{"line":133,"column":12},"end":{"line":133,"column":79},"skip":true},"36":{"start":{"line":134,"column":12},"end":{"line":134,"column":25},"skip":true},"37":{"start":{"line":135,"column":12},"end":{"line":135,"column":45},"skip":true},"38":{"start":{"line":138,"column":8},"end":{"line":145,"column":14},"skip":true},"39":{"start":{"line":143,"column":16},"end":{"line":143,"column":29},"skip":true},"40":{"start":{"line":144,"column":16},"end":{"line":144,"column":55},"skip":true},"41":{"start":{"line":147,"column":8},"end":{"line":156,"column":10},"skip":true},"42":{"start":{"line":154,"column":12},"end":{"line":154,"column":25},"skip":true},"43":{"start":{"line":155,"column":12},"end":{"line":155,"column":45},"skip":true},"44":{"start":{"line":158,"column":8},"end":{"line":167,"column":10},"skip":true},"45":{"start":{"line":165,"column":12},"end":{"line":165,"column":25},"skip":true},"46":{"start":{"line":166,"column":12},"end":{"line":166,"column":48},"skip":true},"47":{"start":{"line":169,"column":8},"end":{"line":178,"column":10},"skip":true},"48":{"start":{"line":176,"column":12},"end":{"line":176,"column":25},"skip":true},"49":{"start":{"line":177,"column":12},"end":{"line":177,"column":46},"skip":true},"50":{"start":{"line":180,"column":8},"end":{"line":189,"column":10},"skip":true},"51":{"start":{"line":187,"column":12},"end":{"line":187,"column":94},"skip":true},"52":{"start":{"line":188,"column":12},"end":{"line":188,"column":48},"skip":true},"53":{"start":{"line":192,"column":8},"end":{"line":192,"column":35},"skip":true},"54":{"start":{"line":193,"column":8},"end":{"line":193,"column":14},"skip":true}},"branchMap":{"1":{"line":25,"type":"binary-expr","locations":[{"start":{"line":25,"column":23},"end":{"line":25,"column":62}},{"start":{"line":26,"column":20},"end":{"line":26,"column":70}},{"start":{"line":27,"column":20},"end":{"line":27,"column":71}},{"start":{"line":28,"column":20},"end":{"line":28,"column":29}}]},"2":{"line":30,"type":"binary-expr","locations":[{"start":{"line":30,"column":23},"end":{"line":30,"column":37}},{"start":{"line":31,"column":20},"end":{"line":31,"column":61}},{"start":{"line":32,"column":20},"end":{"line":32,"column":70}},{"start":{"line":33,"column":20},"end":{"line":33,"column":26}}]},"3":{"line":37,"type":"cond-expr","locations":[{"start":{"line":38,"column":14},"end":{"line":38,"column":20}},{"start":{"line":39,"column":14},"end":{"line":39,"column":20}}]},"4":{"line":40,"type":"switch","locations":[{"start":{"line":42,"column":8},"end":{"line":47,"column":18}},{"start":{"line":49,"column":8},"end":{"line":52,"column":18}}]},"5":{"line":44,"type":"binary-expr","locations":[{"start":{"line":44,"column":16},"end":{"line":44,"column":44}},{"start":{"line":44,"column":48},"end":{"line":44,"column":66}}]},"6":{"line":50,"type":"binary-expr","locations":[{"start":{"line":50,"column":21},"end":{"line":50,"column":49}},{"start":{"line":50,"column":53},"end":{"line":50,"column":72}}]},"7":{"line":64,"type":"switch","locations":[{"start":{"line":69,"column":4},"end":{"line":70,"column":14}},{"start":{"line":75,"column":4},"end":{"line":76,"column":14}}]},"8":{"line":85,"type":"switch","locations":[{"start":{"line":90,"column":4},"end":{"line":105,"column":14}},{"start":{"line":111,"column":4},"end":{"line":193,"column":14},"skip":true}]},"9":{"line":91,"type":"binary-expr","locations":[{"start":{"line":91,"column":42},"end":{"line":91,"column":73}},{"start":{"line":91,"column":77},"end":{"line":99,"column":9}}]},"10":{"line":102,"type":"binary-expr","locations":[{"start":{"line":102,"column":18},"end":{"line":102,"column":32}},{"start":{"line":103,"column":12},"end":{"line":103,"column":53}},{"start":{"line":104,"column":12},"end":{"line":104,"column":61}}]},"11":{"line":112,"type":"binary-expr","locations":[{"start":{"line":112,"column":45},"end":{"line":112,"column":79},"skip":true},{"start":{"line":112,"column":83},"end":{"line":121,"column":9},"skip":true}]},"12":{"line":123,"type":"binary-expr","locations":[{"start":{"line":123,"column":42},"end":{"line":123,"column":73},"skip":true},{"start":{"line":123,"column":77},"end":{"line":136,"column":9},"skip":true}]},"13":{"line":138,"type":"binary-expr","locations":[{"start":{"line":138,"column":48},"end":{"line":138,"column":85},"skip":true},{"start":{"line":139,"column":12},"end":{"line":145,"column":13},"skip":true}]},"14":{"line":147,"type":"binary-expr","locations":[{"start":{"line":147,"column":42},"end":{"line":147,"column":73},"skip":true},{"start":{"line":147,"column":77},"end":{"line":156,"column":9},"skip":true}]},"15":{"line":158,"type":"binary-expr","locations":[{"start":{"line":158,"column":45},"end":{"line":158,"column":79},"skip":true},{"start":{"line":158,"column":83},"end":{"line":167,"column":9},"skip":true}]},"16":{"line":169,"type":"binary-expr","locations":[{"start":{"line":169,"column":43},"end":{"line":169,"column":75},"skip":true},{"start":{"line":169,"column":79},"end":{"line":178,"column":9},"skip":true}]},"17":{"line":180,"type":"binary-expr","locations":[{"start":{"line":180,"column":41},"end":{"line":180,"column":71},"skip":true},{"start":{"line":180,"column":75},"end":{"line":189,"column":9},"skip":true}]}},"code":["/* istanbul instrument in package npmtest_fluent_ffmpeg */","/*jslint","    bitwise: true,","    browser: true,","    maxerr: 8,","    maxlen: 96,","    node: true,","    nomen: true,","    regexp: true,","    stupid: true","*/","(function () {","    'use strict';","    var local;","","","","    // run shared js-env code - pre-init","    (function () {","        // init local","        local = {};","        // init modeJs","        local.modeJs = (function () {","            try {","                return typeof navigator.userAgent === 'string' &&","                    typeof document.querySelector('body') === 'object' &&","                    typeof XMLHttpRequest.prototype.open === 'function' &&","                    'browser';","            } catch (errorCaughtBrowser) {","                return module.exports &&","                    typeof process.versions.node === 'string' &&","                    typeof require('http').createServer === 'function' &&","                    'node';","            }","        }());","        // init global","        local.global = local.modeJs === 'browser'","            ? window","            : global;","        switch (local.modeJs) {","        // re-init local from window.local","        case 'browser':","            local = local.global.utility2.objectSetDefault(","                local.global.utility2_rollup || local.global.local,","                local.global.utility2","            );","            break;","        // re-init local from example.js","        case 'node':","            local = (local.global.utility2_rollup || require('utility2'))","                .requireExampleJsFromReadme();","            break;","        }","        // export local","        local.global.local = local;","    }());","","","","    // run shared js-env code - function","    (function () {","        return;","    }());","    switch (local.modeJs) {","","","","    // run browser js-env code - function","    case 'browser':","        break;","","","","    // run node js-env code - function","    case 'node':","        break;","    }","","","","    // run shared js-env code - post-init","    (function () {","        return;","    }());","    switch (local.modeJs) {","","","","    // run browser js-env code - post-init","    case 'browser':","        local.testCase_browser_nullCase = local.testCase_browser_nullCase || function (","            options,","            onError","        ) {","        /*","         * this function will test browsers's null-case handling-behavior-behavior","         */","            onError(null, options);","        };","","        // run tests","        local.nop(local.modeTest &&","            document.querySelector('#testRunButton1') &&","            document.querySelector('#testRunButton1').click());","        break;","","","","    // run node js-env code - post-init","    /* istanbul ignore next */","    case 'node':","        local.testCase_buildApidoc_default = local.testCase_buildApidoc_default || function (","            options,","            onError","        ) {","        /*","         * this function will test buildApidoc's default handling-behavior-behavior","         */","            options = { modulePathList: module.paths };","            local.buildApidoc(options, onError);","        };","","        local.testCase_buildApp_default = local.testCase_buildApp_default || function (","            options,","            onError","        ) {","        /*","         * this function will test buildApp's default handling-behavior-behavior","         */","            local.testCase_buildReadme_default(options, local.onErrorThrow);","            local.testCase_buildLib_default(options, local.onErrorThrow);","            local.testCase_buildTest_default(options, local.onErrorThrow);","            local.testCase_buildCustomOrg_default(options, local.onErrorThrow);","            options = [];","            local.buildApp(options, onError);","        };","","        local.testCase_buildCustomOrg_default = local.testCase_buildCustomOrg_default ||","            function (options, onError) {","            /*","             * this function will test buildCustomOrg's default handling-behavior","             */","                options = {};","                local.buildCustomOrg(options, onError);","            };","","        local.testCase_buildLib_default = local.testCase_buildLib_default || function (","            options,","            onError","        ) {","        /*","         * this function will test buildLib's default handling-behavior","         */","            options = {};","            local.buildLib(options, onError);","        };","","        local.testCase_buildReadme_default = local.testCase_buildReadme_default || function (","            options,","            onError","        ) {","        /*","         * this function will test buildReadme's default handling-behavior-behavior","         */","            options = {};","            local.buildReadme(options, onError);","        };","","        local.testCase_buildTest_default = local.testCase_buildTest_default || function (","            options,","            onError","        ) {","        /*","         * this function will test buildTest's default handling-behavior","         */","            options = {};","            local.buildTest(options, onError);","        };","","        local.testCase_webpage_default = local.testCase_webpage_default || function (","            options,","            onError","        ) {","        /*","         * this function will test webpage's default handling-behavior","         */","            options = { modeCoverageMerge: true, url: local.serverLocalHost + '?modeTest=1' };","            local.browserTest(options, onError);","        };","","        // run test-server","        local.testRunServer(local);","        break;","    }","}());",""],"l":{"12":2,"14":2,"19":2,"21":2,"23":2,"24":2,"25":2,"30":1,"37":2,"40":2,"43":1,"47":1,"50":1,"52":1,"55":2,"61":2,"62":2,"64":2,"70":1,"76":1,"82":2,"83":2,"85":2,"91":1,"98":1,"102":1,"105":1,"112":1,"119":1,"120":1,"123":1,"130":1,"131":1,"132":1,"133":1,"134":1,"135":1,"138":1,"143":2,"144":2,"147":1,"154":2,"155":2,"158":1,"165":2,"166":2,"169":1,"176":2,"177":2,"180":1,"187":1,"188":1,"192":1,"193":1}},"/home/travis/build/npmtest/node-npmtest-fluent-ffmpeg/lib.npmtest_fluent_ffmpeg.js":{"path":"/home/travis/build/npmtest/node-npmtest-fluent-ffmpeg/lib.npmtest_fluent_ffmpeg.js","s":{"1":2,"2":2,"3":2,"4":2,"5":2,"6":2,"7":2,"8":1,"9":2,"10":2,"11":2,"12":2,"13":1,"14":1,"15":1,"16":1},"b":{"1":[2,1,1,1],"2":[1,1,1,1],"3":[1,1],"4":[2,2],"5":[1,1]},"f":{"1":2,"2":2,"3":2},"fnMap":{"1":{"name":"(anonymous_1)","line":12,"loc":{"start":{"line":12,"column":1},"end":{"line":12,"column":13}}},"2":{"name":"(anonymous_2)","line":19,"loc":{"start":{"line":19,"column":5},"end":{"line":19,"column":17}}},"3":{"name":"(anonymous_3)","line":23,"loc":{"start":{"line":23,"column":24},"end":{"line":23,"column":36}}}},"statementMap":{"1":{"start":{"line":12,"column":0},"end":{"line":53,"column":5}},"2":{"start":{"line":14,"column":4},"end":{"line":14,"column":14}},"3":{"start":{"line":19,"column":4},"end":{"line":52,"column":9}},"4":{"start":{"line":21,"column":8},"end":{"line":21,"column":19}},"5":{"start":{"line":23,"column":8},"end":{"line":35,"column":13}},"6":{"start":{"line":24,"column":12},"end":{"line":34,"column":13}},"7":{"start":{"line":25,"column":16},"end":{"line":28,"column":30}},"8":{"start":{"line":30,"column":16},"end":{"line":33,"column":27}},"9":{"start":{"line":37,"column":8},"end":{"line":39,"column":21}},"10":{"start":{"line":41,"column":8},"end":{"line":41,"column":54}},"11":{"start":{"line":43,"column":8},"end":{"line":43,"column":58}},"12":{"start":{"line":45,"column":8},"end":{"line":51,"column":9}},"13":{"start":{"line":46,"column":12},"end":{"line":46,"column":64}},"14":{"start":{"line":48,"column":12},"end":{"line":48,"column":35}},"15":{"start":{"line":49,"column":12},"end":{"line":49,"column":49}},"16":{"start":{"line":50,"column":12},"end":{"line":50,"column":43}}},"branchMap":{"1":{"line":25,"type":"binary-expr","locations":[{"start":{"line":25,"column":23},"end":{"line":25,"column":62}},{"start":{"line":26,"column":20},"end":{"line":26,"column":70}},{"start":{"line":27,"column":20},"end":{"line":27,"column":71}},{"start":{"line":28,"column":20},"end":{"line":28,"column":29}}]},"2":{"line":30,"type":"binary-expr","locations":[{"start":{"line":30,"column":23},"end":{"line":30,"column":37}},{"start":{"line":31,"column":20},"end":{"line":31,"column":61}},{"start":{"line":32,"column":20},"end":{"line":32,"column":70}},{"start":{"line":33,"column":20},"end":{"line":33,"column":26}}]},"3":{"line":37,"type":"cond-expr","locations":[{"start":{"line":38,"column":14},"end":{"line":38,"column":20}},{"start":{"line":39,"column":14},"end":{"line":39,"column":20}}]},"4":{"line":41,"type":"binary-expr","locations":[{"start":{"line":41,"column":16},"end":{"line":41,"column":44}},{"start":{"line":41,"column":48},"end":{"line":41,"column":53}}]},"5":{"line":45,"type":"if","locations":[{"start":{"line":45,"column":8},"end":{"line":45,"column":8}},{"start":{"line":45,"column":8},"end":{"line":45,"column":8}}]}},"code":["/* istanbul instrument in package npmtest_fluent_ffmpeg */","/*jslint","    bitwise: true,","    browser: true,","    maxerr: 8,","    maxlen: 96,","    node: true,","    nomen: true,","    regexp: true,","    stupid: true","*/","(function () {","    'use strict';","    var local;","","","","    // run shared js-env code - pre-init","    (function () {","        // init local","        local = {};","        // init modeJs","        local.modeJs = (function () {","            try {","                return typeof navigator.userAgent === 'string' &&","                    typeof document.querySelector('body') === 'object' &&","                    typeof XMLHttpRequest.prototype.open === 'function' &&","                    'browser';","            } catch (errorCaughtBrowser) {","                return module.exports &&","                    typeof process.versions.node === 'string' &&","                    typeof require('http').createServer === 'function' &&","                    'node';","            }","        }());","        // init global","        local.global = local.modeJs === 'browser'","            ? window","            : global;","        // init utility2_rollup","        local = local.global.utility2_rollup || local;","        // init lib","        local.local = local.npmtest_fluent_ffmpeg = local;","        // init exports","        if (local.modeJs === 'browser') {","            local.global.utility2_npmtest_fluent_ffmpeg = local;","        } else {","            module.exports = local;","            module.exports.__dirname = __dirname;","            module.exports.module = module;","        }","    }());","}());",""],"l":{"12":2,"14":2,"19":2,"21":2,"23":2,"24":2,"25":2,"30":1,"37":2,"41":2,"43":2,"45":2,"46":1,"48":1,"49":1,"50":1}},"/home/travis/build/npmtest/node-npmtest-fluent-ffmpeg/example.js":{"path":"/home/travis/build/npmtest/node-npmtest-fluent-ffmpeg/example.js","s":{"1":2,"2":2,"3":2,"4":2,"5":2,"6":2,"7":2,"8":1,"9":2,"10":2,"11":2,"12":2,"13":1,"14":2,"15":2,"16":2,"17":2,"18":2,"19":0,"20":2,"21":1,"22":1,"23":1,"24":1,"25":1,"26":0,"27":0,"28":1,"29":1,"30":2,"31":0,"32":0,"33":0,"34":1,"35":2,"36":2,"37":3,"38":3,"39":3,"40":3,"41":0,"42":3,"43":3,"44":3,"45":1,"46":3,"47":1,"48":1,"49":1,"50":1,"51":1,"52":1,"53":1,"54":1,"55":1,"56":1,"57":0,"58":1,"59":6,"60":6,"61":1,"62":2,"63":0,"64":2,"65":1,"66":1,"67":0,"68":0,"69":0,"70":0,"71":0,"72":0,"73":0,"74":0,"75":0,"76":0,"77":0,"78":0,"79":0,"80":0,"81":0,"82":0,"83":0},"b":{"1":[2,1,1,1],"2":[1,1,1,1],"3":[1,1],"4":[2,2],"5":[1,1],"6":[1,1],"7":[2,0],"8":[2,1,1,1,1,1],"9":[0,2,0],"10":[1,1],"11":[2,1,1],"12":[1,0],"13":[0,2],"14":[2,0,0,0,0,0,0],"15":[0,3],"16":[3,0],"17":[1,1],"18":[0,1],"19":[1,2,0,2],"20":[1,0],"21":[1,1],"22":[0,0],"23":[0,0],"24":[0,0],"25":[0,0],"26":[0,0],"27":[0,0],"28":[0,0]},"f":{"1":2,"2":2,"3":2,"4":2,"5":2,"6":2,"7":3,"8":3,"9":3,"10":1,"11":6,"12":0},"fnMap":{"1":{"name":"(anonymous_1)","line":26,"loc":{"start":{"line":26,"column":1},"end":{"line":26,"column":13}}},"2":{"name":"(anonymous_2)","line":33,"loc":{"start":{"line":33,"column":5},"end":{"line":33,"column":17}}},"3":{"name":"(anonymous_3)","line":37,"loc":{"start":{"line":37,"column":24},"end":{"line":37,"column":36}}},"4":{"name":"(anonymous_4)","line":69,"loc":{"start":{"line":69,"column":31},"end":{"line":69,"column":48}},"skip":true},"5":{"name":"(anonymous_5)","line":78,"loc":{"start":{"line":78,"column":26},"end":{"line":78,"column":45}},"skip":true},"6":{"name":"(anonymous_6)","line":123,"loc":{"start":{"line":123,"column":33},"end":{"line":123,"column":48}},"skip":true},"7":{"name":"(anonymous_7)","line":125,"loc":{"start":{"line":125,"column":27},"end":{"line":125,"column":39}},"skip":true},"8":{"name":"(anonymous_8)","line":133,"loc":{"start":{"line":133,"column":59},"end":{"line":133,"column":74}},"skip":true},"9":{"name":"(anonymous_9)","line":143,"loc":{"start":{"line":143,"column":45},"end":{"line":143,"column":62}},"skip":true},"10":{"name":"(anonymous_10)","line":144,"loc":{"start":{"line":144,"column":73},"end":{"line":144,"column":92}},"skip":true},"11":{"name":"(anonymous_11)","line":272,"loc":{"start":{"line":272,"column":51},"end":{"line":272,"column":77}},"skip":true},"12":{"name":"(anonymous_12)","line":315,"loc":{"start":{"line":315,"column":32},"end":{"line":315,"column":61}},"skip":true}},"statementMap":{"1":{"start":{"line":26,"column":0},"end":{"line":326,"column":5}},"2":{"start":{"line":28,"column":4},"end":{"line":28,"column":14}},"3":{"start":{"line":33,"column":4},"end":{"line":60,"column":9}},"4":{"start":{"line":35,"column":8},"end":{"line":35,"column":19}},"5":{"start":{"line":37,"column":8},"end":{"line":49,"column":13}},"6":{"start":{"line":38,"column":12},"end":{"line":48,"column":13}},"7":{"start":{"line":39,"column":16},"end":{"line":42,"column":30}},"8":{"start":{"line":44,"column":16},"end":{"line":47,"column":27}},"9":{"start":{"line":51,"column":8},"end":{"line":53,"column":21}},"10":{"start":{"line":55,"column":8},"end":{"line":57,"column":45}},"11":{"start":{"line":59,"column":8},"end":{"line":59,"column":35}},"12":{"start":{"line":61,"column":4},"end":{"line":325,"column":5}},"13":{"start":{"line":69,"column":8},"end":{"line":121,"column":10},"skip":true},"14":{"start":{"line":70,"column":12},"end":{"line":88,"column":13},"skip":true},"15":{"start":{"line":76,"column":16},"end":{"line":87,"column":19},"skip":true},"16":{"start":{"line":79,"column":20},"end":{"line":86,"column":21},"skip":true},"17":{"start":{"line":82,"column":24},"end":{"line":82,"column":43},"skip":true},"18":{"start":{"line":83,"column":24},"end":{"line":83,"column":30},"skip":true},"19":{"start":{"line":85,"column":24},"end":{"line":85,"column":49},"skip":true},"20":{"start":{"line":89,"column":12},"end":{"line":107,"column":13},"skip":true},"21":{"start":{"line":92,"column":16},"end":{"line":102,"column":17},"skip":true},"22":{"start":{"line":93,"column":20},"end":{"line":93,"column":86},"skip":true},"23":{"start":{"line":94,"column":20},"end":{"line":95,"column":45},"skip":true},"24":{"start":{"line":96,"column":20},"end":{"line":96,"column":42},"skip":true},"25":{"start":{"line":97,"column":20},"end":{"line":97,"column":48},"skip":true},"26":{"start":{"line":100,"column":20},"end":{"line":100,"column":85},"skip":true},"27":{"start":{"line":101,"column":20},"end":{"line":101,"column":96},"skip":true},"28":{"start":{"line":103,"column":16},"end":{"line":103,"column":22},"skip":true},"29":{"start":{"line":106,"column":16},"end":{"line":106,"column":22},"skip":true},"30":{"start":{"line":108,"column":12},"end":{"line":120,"column":13},"skip":true},"31":{"start":{"line":114,"column":16},"end":{"line":119,"column":17},"skip":true},"32":{"start":{"line":116,"column":20},"end":{"line":116,"column":78},"skip":true},"33":{"start":{"line":118,"column":20},"end":{"line":118,"column":47},"skip":true},"34":{"start":{"line":123,"column":8},"end":{"line":141,"column":11},"skip":true},"35":{"start":{"line":124,"column":12},"end":{"line":124,"column":54},"skip":true},"36":{"start":{"line":125,"column":12},"end":{"line":140,"column":14},"skip":true},"37":{"start":{"line":126,"column":16},"end":{"line":126,"column":28},"skip":true},"38":{"start":{"line":127,"column":16},"end":{"line":127,"column":69},"skip":true},"39":{"start":{"line":128,"column":16},"end":{"line":128,"column":75},"skip":true},"40":{"start":{"line":129,"column":16},"end":{"line":131,"column":17},"skip":true},"41":{"start":{"line":130,"column":20},"end":{"line":130,"column":27},"skip":true},"42":{"start":{"line":133,"column":16},"end":{"line":137,"column":36},"skip":true},"43":{"start":{"line":134,"column":20},"end":{"line":136,"column":55},"skip":true},"44":{"start":{"line":139,"column":16},"end":{"line":139,"column":57},"skip":true},"45":{"start":{"line":143,"column":8},"end":{"line":147,"column":11},"skip":true},"46":{"start":{"line":144,"column":12},"end":{"line":146,"column":15},"skip":true},"47":{"start":{"line":145,"column":16},"end":{"line":145,"column":70},"skip":true},"48":{"start":{"line":149,"column":8},"end":{"line":149,"column":31},"skip":true},"49":{"start":{"line":150,"column":8},"end":{"line":150,"column":14},"skip":true},"50":{"start":{"line":158,"column":8},"end":{"line":158,"column":31},"skip":true},"51":{"start":{"line":160,"column":8},"end":{"line":160,"column":33},"skip":true},"52":{"start":{"line":161,"column":8},"end":{"line":161,"column":37},"skip":true},"53":{"start":{"line":162,"column":8},"end":{"line":162,"column":35},"skip":true},"54":{"start":{"line":164,"column":8},"end":{"line":164,"column":50},"skip":true},"55":{"start":{"line":166,"column":8},"end":{"line":256,"column":2},"skip":true},"56":{"start":{"line":258,"column":8},"end":{"line":286,"column":9},"skip":true},"57":{"start":{"line":259,"column":12},"end":{"line":269,"column":14},"skip":true},"58":{"start":{"line":271,"column":12},"end":{"line":285,"column":19},"skip":true},"59":{"start":{"line":274,"column":20},"end":{"line":274,"column":35},"skip":true},"60":{"start":{"line":275,"column":20},"end":{"line":284,"column":21},"skip":true},"61":{"start":{"line":277,"column":24},"end":{"line":277,"column":64},"skip":true},"62":{"start":{"line":279,"column":24},"end":{"line":279,"column":40},"skip":true},"63":{"start":{"line":281,"column":24},"end":{"line":281,"column":40},"skip":true},"64":{"start":{"line":283,"column":24},"end":{"line":283,"column":39},"skip":true},"65":{"start":{"line":288,"column":8},"end":{"line":290,"column":9},"skip":true},"66":{"start":{"line":289,"column":12},"end":{"line":289,"column":18},"skip":true},"67":{"start":{"line":291,"column":8},"end":{"line":293,"column":54},"skip":true},"68":{"start":{"line":296,"column":8},"end":{"line":301,"column":37},"skip":true},"69":{"start":{"line":303,"column":8},"end":{"line":303,"column":82},"skip":true},"70":{"start":{"line":306,"column":8},"end":{"line":308,"column":9},"skip":true},"71":{"start":{"line":307,"column":12},"end":{"line":307,"column":82},"skip":true},"72":{"start":{"line":310,"column":8},"end":{"line":312,"column":9},"skip":true},"73":{"start":{"line":311,"column":12},"end":{"line":311,"column":18},"skip":true},"74":{"start":{"line":313,"column":8},"end":{"line":313,"column":54},"skip":true},"75":{"start":{"line":314,"column":8},"end":{"line":314,"column":69},"skip":true},"76":{"start":{"line":315,"column":8},"end":{"line":323,"column":36},"skip":true},"77":{"start":{"line":316,"column":12},"end":{"line":316,"column":61},"skip":true},"78":{"start":{"line":317,"column":12},"end":{"line":320,"column":13},"skip":true},"79":{"start":{"line":318,"column":16},"end":{"line":318,"column":75},"skip":true},"80":{"start":{"line":319,"column":16},"end":{"line":319,"column":23},"skip":true},"81":{"start":{"line":321,"column":12},"end":{"line":321,"column":38},"skip":true},"82":{"start":{"line":322,"column":12},"end":{"line":322,"column":27},"skip":true},"83":{"start":{"line":324,"column":8},"end":{"line":324,"column":14},"skip":true}},"branchMap":{"1":{"line":39,"type":"binary-expr","locations":[{"start":{"line":39,"column":23},"end":{"line":39,"column":62}},{"start":{"line":40,"column":20},"end":{"line":40,"column":70}},{"start":{"line":41,"column":20},"end":{"line":41,"column":71}},{"start":{"line":42,"column":20},"end":{"line":42,"column":29}}]},"2":{"line":44,"type":"binary-expr","locations":[{"start":{"line":44,"column":23},"end":{"line":44,"column":37}},{"start":{"line":45,"column":20},"end":{"line":45,"column":61}},{"start":{"line":46,"column":20},"end":{"line":46,"column":70}},{"start":{"line":47,"column":20},"end":{"line":47,"column":26}}]},"3":{"line":51,"type":"cond-expr","locations":[{"start":{"line":52,"column":14},"end":{"line":52,"column":20}},{"start":{"line":53,"column":14},"end":{"line":53,"column":20}}]},"4":{"line":55,"type":"binary-expr","locations":[{"start":{"line":55,"column":16},"end":{"line":55,"column":44}},{"start":{"line":55,"column":49},"end":{"line":57,"column":43}}]},"5":{"line":55,"type":"cond-expr","locations":[{"start":{"line":56,"column":14},"end":{"line":56,"column":57}},{"start":{"line":57,"column":14},"end":{"line":57,"column":43}}]},"6":{"line":61,"type":"switch","locations":[{"start":{"line":68,"column":4},"end":{"line":150,"column":14},"skip":true},{"start":{"line":156,"column":4},"end":{"line":324,"column":14},"skip":true}]},"7":{"line":70,"type":"if","locations":[{"start":{"line":70,"column":12},"end":{"line":70,"column":12},"skip":true},{"start":{"line":70,"column":12},"end":{"line":70,"column":12},"skip":true}]},"8":{"line":70,"type":"binary-expr","locations":[{"start":{"line":70,"column":16},"end":{"line":70,"column":22},"skip":true},{"start":{"line":70,"column":27},"end":{"line":70,"column":32},"skip":true},{"start":{"line":71,"column":20},"end":{"line":71,"column":39},"skip":true},{"start":{"line":72,"column":20},"end":{"line":72,"column":49},"skip":true},{"start":{"line":73,"column":20},"end":{"line":73,"column":58},"skip":true},{"start":{"line":74,"column":20},"end":{"line":74,"column":69},"skip":true}]},"9":{"line":79,"type":"switch","locations":[{"start":{"line":80,"column":20},"end":{"line":80,"column":33},"skip":true},{"start":{"line":81,"column":20},"end":{"line":83,"column":30},"skip":true},{"start":{"line":84,"column":20},"end":{"line":85,"column":49},"skip":true}]},"10":{"line":89,"type":"switch","locations":[{"start":{"line":90,"column":12},"end":{"line":103,"column":22},"skip":true},{"start":{"line":105,"column":12},"end":{"line":106,"column":22},"skip":true}]},"11":{"line":89,"type":"binary-expr","locations":[{"start":{"line":89,"column":20},"end":{"line":89,"column":25},"skip":true},{"start":{"line":89,"column":29},"end":{"line":89,"column":48},"skip":true},{"start":{"line":89,"column":52},"end":{"line":89,"column":74},"skip":true}]},"12":{"line":92,"type":"if","locations":[{"start":{"line":92,"column":16},"end":{"line":92,"column":16},"skip":true},{"start":{"line":92,"column":16},"end":{"line":92,"column":16},"skip":true}]},"13":{"line":108,"type":"if","locations":[{"start":{"line":108,"column":12},"end":{"line":108,"column":12},"skip":true},{"start":{"line":108,"column":12},"end":{"line":108,"column":12},"skip":true}]},"14":{"line":108,"type":"binary-expr","locations":[{"start":{"line":108,"column":16},"end":{"line":108,"column":61},"skip":true},{"start":{"line":108,"column":66},"end":{"line":108,"column":72},"skip":true},{"start":{"line":108,"column":77},"end":{"line":108,"column":82},"skip":true},{"start":{"line":109,"column":20},"end":{"line":109,"column":39},"skip":true},{"start":{"line":110,"column":20},"end":{"line":110,"column":49},"skip":true},{"start":{"line":111,"column":20},"end":{"line":111,"column":58},"skip":true},{"start":{"line":112,"column":20},"end":{"line":112,"column":68},"skip":true}]},"15":{"line":129,"type":"if","locations":[{"start":{"line":129,"column":16},"end":{"line":129,"column":16},"skip":true},{"start":{"line":129,"column":16},"end":{"line":129,"column":16},"skip":true}]},"16":{"line":134,"type":"cond-expr","locations":[{"start":{"line":135,"column":26},"end":{"line":135,"column":29},"skip":true},{"start":{"line":136,"column":26},"end":{"line":136,"column":54},"skip":true}]},"17":{"line":164,"type":"binary-expr","locations":[{"start":{"line":164,"column":27},"end":{"line":164,"column":43},"skip":true},{"start":{"line":164,"column":47},"end":{"line":164,"column":49},"skip":true}]},"18":{"line":258,"type":"if","locations":[{"start":{"line":258,"column":8},"end":{"line":258,"column":8},"skip":true},{"start":{"line":258,"column":8},"end":{"line":258,"column":8},"skip":true}]},"19":{"line":275,"type":"switch","locations":[{"start":{"line":276,"column":20},"end":{"line":277,"column":64},"skip":true},{"start":{"line":278,"column":20},"end":{"line":279,"column":40},"skip":true},{"start":{"line":280,"column":20},"end":{"line":281,"column":40},"skip":true},{"start":{"line":282,"column":20},"end":{"line":283,"column":39},"skip":true}]},"20":{"line":288,"type":"if","locations":[{"start":{"line":288,"column":8},"end":{"line":288,"column":8},"skip":true},{"start":{"line":288,"column":8},"end":{"line":288,"column":8},"skip":true}]},"21":{"line":288,"type":"binary-expr","locations":[{"start":{"line":288,"column":12},"end":{"line":288,"column":40},"skip":true},{"start":{"line":288,"column":44},"end":{"line":288,"column":67},"skip":true}]},"22":{"line":292,"type":"binary-expr","locations":[{"start":{"line":292,"column":12},"end":{"line":292,"column":50},"skip":true},{"start":{"line":293,"column":12},"end":{"line":293,"column":53},"skip":true}]},"23":{"line":297,"type":"binary-expr","locations":[{"start":{"line":297,"column":12},"end":{"line":297,"column":71},"skip":true},{"start":{"line":298,"column":12},"end":{"line":301,"column":36},"skip":true}]},"24":{"line":303,"type":"binary-expr","locations":[{"start":{"line":303,"column":43},"end":{"line":303,"column":75},"skip":true},{"start":{"line":303,"column":79},"end":{"line":303,"column":81},"skip":true}]},"25":{"line":306,"type":"if","locations":[{"start":{"line":306,"column":8},"end":{"line":306,"column":8},"skip":true},{"start":{"line":306,"column":8},"end":{"line":306,"column":8},"skip":true}]},"26":{"line":310,"type":"if","locations":[{"start":{"line":310,"column":8},"end":{"line":310,"column":8},"skip":true},{"start":{"line":310,"column":8},"end":{"line":310,"column":8},"skip":true}]},"27":{"line":313,"type":"binary-expr","locations":[{"start":{"line":313,"column":27},"end":{"line":313,"column":43},"skip":true},{"start":{"line":313,"column":47},"end":{"line":313,"column":53},"skip":true}]},"28":{"line":317,"type":"if","locations":[{"start":{"line":317,"column":12},"end":{"line":317,"column":12},"skip":true},{"start":{"line":317,"column":12},"end":{"line":317,"column":12},"skip":true}]}},"code":["/*","example.js","","quickstart example","","instruction","    1. save this script as example.js","    2. run the shell command:","        $ npm install npmtest-fluent-ffmpeg && PORT=8081 node example.js","    3. play with the browser-demo on http://127.0.0.1:8081","*/","","","","/* istanbul instrument in package npmtest_fluent_ffmpeg */","/*jslint","    bitwise: true,","    browser: true,","    maxerr: 8,","    maxlen: 96,","    node: true,","    nomen: true,","    regexp: true,","    stupid: true","*/","(function () {","    'use strict';","    var local;","","","","    // run shared js-env code - pre-init","    (function () {","        // init local","        local = {};","        // init modeJs","        local.modeJs = (function () {","            try {","                return typeof navigator.userAgent === 'string' &&","                    typeof document.querySelector('body') === 'object' &&","                    typeof XMLHttpRequest.prototype.open === 'function' &&","                    'browser';","            } catch (errorCaughtBrowser) {","                return module.exports &&","                    typeof process.versions.node === 'string' &&","                    typeof require('http').createServer === 'function' &&","                    'node';","            }","        }());","        // init global","        local.global = local.modeJs === 'browser'","            ? window","            : global;","        // init utility2_rollup","        local = local.global.utility2_rollup || (local.modeJs === 'browser'","            ? local.global.utility2_npmtest_fluent_ffmpeg","            : global.utility2_moduleExports);","        // export local","        local.global.local = local;","    }());","    switch (local.modeJs) {","","","","    // post-init","    // run browser js-env code - post-init","    /* istanbul ignore next */","    case 'browser':","        local.testRunBrowser = function (event) {","            if (!event || (event &&","                    event.currentTarget &&","                    event.currentTarget.className &&","                    event.currentTarget.className.includes &&","                    event.currentTarget.className.includes('onreset'))) {","                // reset output","                Array.from(","                    document.querySelectorAll('body > .resettable')","                ).forEach(function (element) {","                    switch (element.tagName) {","                    case 'INPUT':","                    case 'TEXTAREA':","                        element.value = '';","                        break;","                    default:","                        element.textContent = '';","                    }","                });","            }","            switch (event && event.currentTarget && event.currentTarget.id) {","            case 'testRunButton1':","                // show tests","                if (document.querySelector('#testReportDiv1').style.display === 'none') {","                    document.querySelector('#testReportDiv1').style.display = 'block';","                    document.querySelector('#testRunButton1').textContent =","                        'hide internal test';","                    local.modeTest = true;","                    local.testRunDefault(local);","                // hide tests","                } else {","                    document.querySelector('#testReportDiv1').style.display = 'none';","                    document.querySelector('#testRunButton1').textContent = 'run internal test';","                }","                break;","            // custom-case","            default:","                break;","            }","            if (document.querySelector('#inputTextareaEval1') && (!event || (event &&","                    event.currentTarget &&","                    event.currentTarget.className &&","                    event.currentTarget.className.includes &&","                    event.currentTarget.className.includes('oneval')))) {","                // try to eval input-code","                try {","                    /*jslint evil: true*/","                    eval(document.querySelector('#inputTextareaEval1').value);","                } catch (errorCaught) {","                    console.error(errorCaught);","                }","            }","        };","        // log stderr and stdout to #outputTextareaStdout1","        ['error', 'log'].forEach(function (key) {","            console[key + '_original'] = console[key];","            console[key] = function () {","                var element;","                console[key + '_original'].apply(console, arguments);","                element = document.querySelector('#outputTextareaStdout1');","                if (!element) {","                    return;","                }","                // append text to #outputTextareaStdout1","                element.value += Array.from(arguments).map(function (arg) {","                    return typeof arg === 'string'","                        ? arg","                        : JSON.stringify(arg, null, 4);","                }).join(' ') + '\\n';","                // scroll textarea to bottom","                element.scrollTop = element.scrollHeight;","            };","        });","        // init event-handling","        ['change', 'click', 'keyup'].forEach(function (event) {","            Array.from(document.querySelectorAll('.on' + event)).forEach(function (element) {","                element.addEventListener(event, local.testRunBrowser);","            });","        });","        // run tests","        local.testRunBrowser();","        break;","","","","    // run node js-env code - post-init","    /* istanbul ignore next */","    case 'node':","        // export local","        module.exports = local;","        // require modules","        local.fs = require('fs');","        local.http = require('http');","        local.url = require('url');","        // init assets","        local.assetsDict = local.assetsDict || {};","        /* jslint-ignore-begin */","        local.assetsDict['/assets.index.template.html'] = '\\","<!doctype html>\\n\\","<html lang=\"en\">\\n\\","<head>\\n\\","<meta charset=\"UTF-8\">\\n\\","<meta name=\"viewport\" content=\"width=device-width, initial-scale=1\">\\n\\","<title>{{env.npm_package_name}} (v{{env.npm_package_version}})</title>\\n\\","<style>\\n\\","/*csslint\\n\\","    box-sizing: false,\\n\\","    universal-selector: false\\n\\","*/\\n\\","* {\\n\\","    box-sizing: border-box;\\n\\","}\\n\\","body {\\n\\","    background: #dde;\\n\\","    font-family: Arial, Helvetica, sans-serif;\\n\\","    margin: 2rem;\\n\\","}\\n\\","body > * {\\n\\","    margin-bottom: 1rem;\\n\\","}\\n\\",".utility2FooterDiv {\\n\\","    margin-top: 20px;\\n\\","    text-align: center;\\n\\","}\\n\\","</style>\\n\\","<style>\\n\\","/*csslint\\n\\","*/\\n\\","textarea {\\n\\","    font-family: monospace;\\n\\","    height: 10rem;\\n\\","    width: 100%;\\n\\","}\\n\\","textarea[readonly] {\\n\\","    background: #ddd;\\n\\","}\\n\\","</style>\\n\\","</head>\\n\\","<body>\\n\\","<!-- utility2-comment\\n\\","<div id=\"ajaxProgressDiv1\" style=\"background: #d00; height: 2px; left: 0; margin: 0; padding: 0; position: fixed; top: 0; transition: background 0.5s, width 1.5s; width: 25%;\"></div>\\n\\","utility2-comment -->\\n\\","<h1>\\n\\","<!-- utility2-comment\\n\\","    <a\\n\\","        {{#if env.npm_package_homepage}}\\n\\","        href=\"{{env.npm_package_homepage}}\"\\n\\","        {{/if env.npm_package_homepage}}\\n\\","        target=\"_blank\"\\n\\","    >\\n\\","utility2-comment -->\\n\\","        {{env.npm_package_name}} (v{{env.npm_package_version}})\\n\\","<!-- utility2-comment\\n\\","    </a>\\n\\","utility2-comment -->\\n\\","</h1>\\n\\","<h3>{{env.npm_package_description}}</h3>\\n\\","<!-- utility2-comment\\n\\","<h4><a download href=\"assets.app.js\">download standalone app</a></h4>\\n\\","<button class=\"onclick onreset\" id=\"testRunButton1\">run internal test</button><br>\\n\\","<div id=\"testReportDiv1\" style=\"display: none;\"></div>\\n\\","utility2-comment -->\\n\\","\\n\\","\\n\\","\\n\\","<label>stderr and stdout</label>\\n\\","<textarea class=\"resettable\" id=\"outputTextareaStdout1\" readonly></textarea>\\n\\","<!-- utility2-comment\\n\\","{{#if isRollup}}\\n\\","<script src=\"assets.app.js\"></script>\\n\\","{{#unless isRollup}}\\n\\","utility2-comment -->\\n\\","<script src=\"assets.utility2.rollup.js\"></script>\\n\\","<script src=\"jsonp.utility2._stateInit?callback=window.utility2._stateInit\"></script>\\n\\","<script src=\"assets.npmtest_fluent_ffmpeg.rollup.js\"></script>\\n\\","<script src=\"assets.example.js\"></script>\\n\\","<script src=\"assets.test.js\"></script>\\n\\","<!-- utility2-comment\\n\\","{{/if isRollup}}\\n\\","utility2-comment -->\\n\\","<div class=\"utility2FooterDiv\">\\n\\","    [ this app was created with\\n\\","    <a href=\"https://github.com/kaizhu256/node-utility2\" target=\"_blank\">utility2</a>\\n\\","    ]\\n\\","</div>\\n\\","</body>\\n\\","</html>\\n\\","';","        /* jslint-ignore-end */","        if (local.templateRender) {","            local.assetsDict['/'] = local.templateRender(","                local.assetsDict['/assets.index.template.html'],","                {","                    env: local.objectSetDefault(local.env, {","                        npm_package_description: 'the greatest app in the world!',","                        npm_package_name: 'my-app',","                        npm_package_nameAlias: 'my_app',","                        npm_package_version: '0.0.1'","                    })","                }","            );","        } else {","            local.assetsDict['/'] = local.assetsDict['/assets.index.template.html']","                .replace((/\\{\\{env\\.(\\w+?)\\}\\}/g), function (match0, match1) {","                    // jslint-hack","                    String(match0);","                    switch (match1) {","                    case 'npm_package_description':","                        return 'the greatest app in the world!';","                    case 'npm_package_name':","                        return 'my-app';","                    case 'npm_package_nameAlias':","                        return 'my_app';","                    case 'npm_package_version':","                        return '0.0.1';","                    }","                });","        }","        // run the cli","        if (local.global.utility2_rollup || module !== require.main) {","            break;","        }","        local.assetsDict['/assets.example.js'] =","            local.assetsDict['/assets.example.js'] ||","            local.fs.readFileSync(__filename, 'utf8');","        // bug-workaround - long $npm_package_buildCustomOrg","        /* jslint-ignore-begin */","        local.assetsDict['/assets.npmtest_fluent_ffmpeg.rollup.js'] =","            local.assetsDict['/assets.npmtest_fluent_ffmpeg.rollup.js'] ||","            local.fs.readFileSync(","                local.npmtest_fluent_ffmpeg.__dirname + '/lib.npmtest_fluent_ffmpeg.js',","                'utf8'","            ).replace((/^#!/), '//');","        /* jslint-ignore-end */","        local.assetsDict['/favicon.ico'] = local.assetsDict['/favicon.ico'] || '';","        // if $npm_config_timeout_exit exists,","        // then exit this process after $npm_config_timeout_exit ms","        if (Number(process.env.npm_config_timeout_exit)) {","            setTimeout(process.exit, Number(process.env.npm_config_timeout_exit));","        }","        // start server","        if (local.global.utility2_serverHttp1) {","            break;","        }","        process.env.PORT = process.env.PORT || '8081';","        console.error('server starting on port ' + process.env.PORT);","        local.http.createServer(function (request, response) {","            request.urlParsed = local.url.parse(request.url);","            if (local.assetsDict[request.urlParsed.pathname] !== undefined) {","                response.end(local.assetsDict[request.urlParsed.pathname]);","                return;","            }","            response.statusCode = 404;","            response.end();","        }).listen(process.env.PORT);","        break;","    }","}());",""],"l":{"26":2,"28":2,"33":2,"35":2,"37":2,"38":2,"39":2,"44":1,"51":2,"55":2,"59":2,"61":2,"69":1,"70":2,"76":2,"79":2,"82":2,"83":2,"85":1,"89":2,"92":1,"93":1,"94":1,"96":1,"97":1,"100":1,"101":1,"103":1,"106":1,"108":2,"114":1,"116":1,"118":1,"123":1,"124":2,"125":2,"126":3,"127":3,"128":3,"129":3,"130":1,"133":3,"134":3,"139":3,"143":1,"144":3,"145":1,"149":1,"150":1,"158":1,"160":1,"161":1,"162":1,"164":1,"166":1,"258":1,"259":1,"271":1,"274":6,"275":6,"277":1,"279":2,"281":1,"283":2,"288":1,"289":1,"291":1,"296":1,"303":1,"306":1,"307":1,"310":1,"311":1,"313":1,"314":1,"315":1,"316":1,"317":1,"318":1,"319":1,"321":1,"322":1,"324":1}},"/home/travis/build/npmtest/node-npmtest-fluent-ffmpeg/node_modules/fluent-ffmpeg/index.js":{"path":"/home/travis/build/npmtest/node-npmtest-fluent-ffmpeg/node_modules/fluent-ffmpeg/index.js","s":{"1":1},"b":{"1":[0,1]},"f":{},"fnMap":{},"statementMap":{"1":{"start":{"line":1,"column":0},"end":{"line":1,"column":116}}},"branchMap":{"1":{"line":1,"type":"cond-expr","locations":[{"start":{"line":1,"column":48},"end":{"line":1,"column":82}},{"start":{"line":1,"column":85},"end":{"line":1,"column":115}}]}},"code":["module.exports = process.env.FLUENTFFMPEG_COV ? require('./lib-cov/fluent-ffmpeg') : require('./lib/fluent-ffmpeg');",""],"l":{"1":1}},"/home/travis/build/npmtest/node-npmtest-fluent-ffmpeg/node_modules/fluent-ffmpeg/lib/fluent-ffmpeg.js":{"path":"/home/travis/build/npmtest/node-npmtest-fluent-ffmpeg/node_modules/fluent-ffmpeg/lib/fluent-ffmpeg.js","s":{"1":1,"2":1,"3":1,"4":1,"5":1,"6":1,"7":0,"8":0,"9":0,"10":0,"11":0,"12":0,"13":0,"14":0,"15":0,"16":0,"17":0,"18":0,"19":0,"20":0,"21":0,"22":0,"23":0,"24":0,"25":0,"26":0,"27":1,"28":1,"29":1,"30":0,"31":0,"32":0,"33":0,"34":0,"35":0,"36":0,"37":0,"38":0,"39":0,"40":0,"41":0,"42":0,"43":0,"44":0,"45":0,"46":0,"47":0,"48":0,"49":1,"50":1,"51":1,"52":1,"53":1,"54":1,"55":1,"56":1,"57":1,"58":1,"59":0,"60":1,"61":0,"62":1,"63":0,"64":1,"65":0,"66":1,"67":0,"68":1,"69":0,"70":1,"71":1,"72":0,"73":0,"74":1},"b":{"1":[0,0],"2":[0,0],"3":[0,0],"4":[0,0],"5":[0,0],"6":[0,0],"7":[0,0,0],"8":[0,0,0],"9":[0,0],"10":[0,0],"11":[0,0]},"f":{"1":0,"2":0,"3":0,"4":0,"5":0,"6":0,"7":0,"8":0,"9":0,"10":0,"11":0,"12":0,"13":0,"14":0,"15":0,"16":0,"17":0},"fnMap":{"1":{"name":"FfmpegCommand","line":31,"loc":{"start":{"line":31,"column":0},"end":{"line":31,"column":39}}},"2":{"name":"(anonymous_2)","line":60,"loc":{"start":{"line":60,"column":41},"end":{"line":60,"column":56}}},"3":{"name":"(anonymous_3)","line":74,"loc":{"start":{"line":74,"column":11},"end":{"line":74,"column":22}}},"4":{"name":"(anonymous_4)","line":75,"loc":{"start":{"line":75,"column":10},"end":{"line":75,"column":21}}},"5":{"name":"(anonymous_5)","line":76,"loc":{"start":{"line":76,"column":10},"end":{"line":76,"column":21}}},"6":{"name":"(anonymous_6)","line":77,"loc":{"start":{"line":77,"column":11},"end":{"line":77,"column":22}}},"7":{"name":"(anonymous_7)","line":112,"loc":{"start":{"line":112,"column":32},"end":{"line":112,"column":43}}},"8":{"name":"(anonymous_8)","line":121,"loc":{"start":{"line":121,"column":35},"end":{"line":121,"column":51}}},"9":{"name":"(anonymous_9)","line":141,"loc":{"start":{"line":141,"column":89},"end":{"line":141,"column":103}}},"10":{"name":"(anonymous_10)","line":154,"loc":{"start":{"line":154,"column":41},"end":{"line":154,"column":56}}},"11":{"name":"(anonymous_11)","line":182,"loc":{"start":{"line":182,"column":30},"end":{"line":182,"column":45}}},"12":{"name":"(anonymous_12)","line":186,"loc":{"start":{"line":186,"column":31},"end":{"line":186,"column":46}}},"13":{"name":"(anonymous_13)","line":190,"loc":{"start":{"line":190,"column":31},"end":{"line":190,"column":46}}},"14":{"name":"(anonymous_14)","line":195,"loc":{"start":{"line":195,"column":36},"end":{"line":195,"column":55}}},"15":{"name":"(anonymous_15)","line":200,"loc":{"start":{"line":200,"column":35},"end":{"line":200,"column":54}}},"16":{"name":"(anonymous_16)","line":205,"loc":{"start":{"line":205,"column":36},"end":{"line":205,"column":55}}},"17":{"name":"(anonymous_17)","line":214,"loc":{"start":{"line":214,"column":24},"end":{"line":214,"column":39}}}},"statementMap":{"1":{"start":{"line":4,"column":0},"end":{"line":4,"column":27}},"2":{"start":{"line":5,"column":0},"end":{"line":5,"column":27}},"3":{"start":{"line":6,"column":0},"end":{"line":6,"column":50}},"4":{"start":{"line":8,"column":0},"end":{"line":8,"column":31}},"5":{"start":{"line":9,"column":0},"end":{"line":9,"column":116}},"6":{"start":{"line":31,"column":0},"end":{"line":79,"column":1}},"7":{"start":{"line":33,"column":2},"end":{"line":35,"column":3}},"8":{"start":{"line":34,"column":4},"end":{"line":34,"column":45}},"9":{"start":{"line":37,"column":2},"end":{"line":37,"column":26}},"10":{"start":{"line":39,"column":2},"end":{"line":46,"column":3}},"11":{"start":{"line":41,"column":4},"end":{"line":41,"column":20}},"12":{"start":{"line":44,"column":4},"end":{"line":44,"column":28}},"13":{"start":{"line":45,"column":4},"end":{"line":45,"column":27}},"14":{"start":{"line":49,"column":2},"end":{"line":49,"column":20}},"15":{"start":{"line":50,"column":2},"end":{"line":52,"column":3}},"16":{"start":{"line":51,"column":4},"end":{"line":51,"column":31}},"17":{"start":{"line":55,"column":2},"end":{"line":55,"column":21}},"18":{"start":{"line":56,"column":2},"end":{"line":56,"column":16}},"19":{"start":{"line":59,"column":2},"end":{"line":59,"column":18}},"20":{"start":{"line":60,"column":2},"end":{"line":62,"column":5}},"21":{"start":{"line":61,"column":4},"end":{"line":61,"column":30}},"22":{"start":{"line":65,"column":2},"end":{"line":65,"column":77}},"23":{"start":{"line":66,"column":2},"end":{"line":66,"column":89}},"24":{"start":{"line":67,"column":2},"end":{"line":67,"column":63}},"25":{"start":{"line":70,"column":2},"end":{"line":70,"column":25}},"26":{"start":{"line":73,"column":2},"end":{"line":78,"column":4}},"27":{"start":{"line":80,"column":0},"end":{"line":80,"column":43}},"28":{"start":{"line":81,"column":0},"end":{"line":81,"column":31}},"29":{"start":{"line":112,"column":0},"end":{"line":159,"column":2}},"30":{"start":{"line":113,"column":2},"end":{"line":113,"column":34}},"31":{"start":{"line":114,"column":2},"end":{"line":114,"column":18}},"32":{"start":{"line":117,"column":2},"end":{"line":117,"column":31}},"33":{"start":{"line":118,"column":2},"end":{"line":118,"column":29}},"34":{"start":{"line":121,"column":2},"end":{"line":126,"column":5}},"35":{"start":{"line":122,"column":4},"end":{"line":125,"column":6}},"36":{"start":{"line":129,"column":2},"end":{"line":151,"column":3}},"37":{"start":{"line":131,"column":4},"end":{"line":131,"column":24}},"38":{"start":{"line":132,"column":4},"end":{"line":132,"column":19}},"39":{"start":{"line":135,"column":4},"end":{"line":139,"column":6}},"40":{"start":{"line":141,"column":4},"end":{"line":143,"column":7}},"41":{"start":{"line":142,"column":6},"end":{"line":142,"column":67}},"42":{"start":{"line":145,"column":4},"end":{"line":148,"column":5}},"43":{"start":{"line":146,"column":6},"end":{"line":146,"column":41}},"44":{"start":{"line":147,"column":6},"end":{"line":147,"column":78}},"45":{"start":{"line":150,"column":4},"end":{"line":150,"column":70}},"46":{"start":{"line":154,"column":2},"end":{"line":156,"column":5}},"47":{"start":{"line":155,"column":4},"end":{"line":155,"column":37}},"48":{"start":{"line":158,"column":2},"end":{"line":158,"column":15}},"49":{"start":{"line":164,"column":0},"end":{"line":164,"column":53}},"50":{"start":{"line":165,"column":0},"end":{"line":165,"column":52}},"51":{"start":{"line":166,"column":0},"end":{"line":166,"column":52}},"52":{"start":{"line":167,"column":0},"end":{"line":167,"column":56}},"53":{"start":{"line":168,"column":0},"end":{"line":168,"column":53}},"54":{"start":{"line":169,"column":0},"end":{"line":169,"column":53}},"55":{"start":{"line":170,"column":0},"end":{"line":170,"column":51}},"56":{"start":{"line":175,"column":0},"end":{"line":175,"column":48}},"57":{"start":{"line":180,"column":0},"end":{"line":180,"column":51}},"58":{"start":{"line":182,"column":0},"end":{"line":184,"column":2}},"59":{"start":{"line":183,"column":2},"end":{"line":183,"column":44}},"60":{"start":{"line":186,"column":0},"end":{"line":188,"column":2}},"61":{"start":{"line":187,"column":2},"end":{"line":187,"column":45}},"62":{"start":{"line":190,"column":0},"end":{"line":192,"column":2}},"63":{"start":{"line":191,"column":2},"end":{"line":191,"column":45}},"64":{"start":{"line":194,"column":0},"end":{"line":197,"column":2}},"65":{"start":{"line":196,"column":2},"end":{"line":196,"column":51}},"66":{"start":{"line":199,"column":0},"end":{"line":202,"column":2}},"67":{"start":{"line":201,"column":2},"end":{"line":201,"column":50}},"68":{"start":{"line":204,"column":0},"end":{"line":207,"column":2}},"69":{"start":{"line":206,"column":2},"end":{"line":206,"column":51}},"70":{"start":{"line":212,"column":0},"end":{"line":212,"column":46}},"71":{"start":{"line":214,"column":0},"end":{"line":217,"column":2}},"72":{"start":{"line":215,"column":2},"end":{"line":215,"column":41}},"73":{"start":{"line":216,"column":2},"end":{"line":216,"column":77}},"74":{"start":{"line":221,"column":0},"end":{"line":221,"column":46}}},"branchMap":{"1":{"line":33,"type":"if","locations":[{"start":{"line":33,"column":2},"end":{"line":33,"column":2}},{"start":{"line":33,"column":2},"end":{"line":33,"column":2}}]},"2":{"line":39,"type":"if","locations":[{"start":{"line":39,"column":2},"end":{"line":39,"column":2}},{"start":{"line":39,"column":2},"end":{"line":39,"column":2}}]},"3":{"line":39,"type":"binary-expr","locations":[{"start":{"line":39,"column":6},"end":{"line":39,"column":31}},{"start":{"line":39,"column":35},"end":{"line":39,"column":57}}]},"4":{"line":44,"type":"binary-expr","locations":[{"start":{"line":44,"column":14},"end":{"line":44,"column":21}},{"start":{"line":44,"column":25},"end":{"line":44,"column":27}}]},"5":{"line":50,"type":"if","locations":[{"start":{"line":50,"column":2},"end":{"line":50,"column":2}},{"start":{"line":50,"column":2},"end":{"line":50,"column":2}}]},"6":{"line":65,"type":"cond-expr","locations":[{"start":{"line":65,"column":51},"end":{"line":65,"column":70}},{"start":{"line":65,"column":73},"end":{"line":65,"column":76}}]},"7":{"line":66,"type":"binary-expr","locations":[{"start":{"line":66,"column":20},"end":{"line":66,"column":35}},{"start":{"line":66,"column":39},"end":{"line":66,"column":53}},{"start":{"line":66,"column":57},"end":{"line":66,"column":88}}]},"8":{"line":67,"type":"binary-expr","locations":[{"start":{"line":67,"column":21},"end":{"line":67,"column":37}},{"start":{"line":67,"column":41},"end":{"line":67,"column":57}},{"start":{"line":67,"column":61},"end":{"line":67,"column":62}}]},"9":{"line":73,"type":"binary-expr","locations":[{"start":{"line":73,"column":16},"end":{"line":73,"column":30}},{"start":{"line":73,"column":34},"end":{"line":78,"column":3}}]},"10":{"line":129,"type":"if","locations":[{"start":{"line":129,"column":2},"end":{"line":129,"column":2}},{"start":{"line":129,"column":2},"end":{"line":129,"column":2}}]},"11":{"line":145,"type":"if","locations":[{"start":{"line":145,"column":4},"end":{"line":145,"column":4}},{"start":{"line":145,"column":4},"end":{"line":145,"column":4}}]}},"code":["/*jshint node:true*/","'use strict';","","var path = require('path');","var util = require('util');","var EventEmitter = require('events').EventEmitter;","","var utils = require('./utils');","var ARGLISTS = ['_global', '_audio', '_audioFilters', '_video', '_videoFilters', '_sizeFilters', '_complexFilters'];","","","/**"," * Create an ffmpeg command"," *"," * Can be called with or without the 'new' operator, and the 'input' parameter"," * may be specified as 'options.source' instead (or passed later with the"," * addInput method)."," *"," * @constructor"," * @param {String|ReadableStream} [input] input file path or readable stream"," * @param {Object} [options] command options"," * @param {Object} [options.logger=<no logging>] logger object with 'error', 'warning', 'info' and 'debug' methods"," * @param {Number} [options.niceness=0] ffmpeg process niceness, ignored on Windows"," * @param {Number} [options.priority=0] alias for `niceness`"," * @param {String} [options.presets=\"fluent-ffmpeg/lib/presets\"] directory to load presets from"," * @param {String} [options.preset=\"fluent-ffmpeg/lib/presets\"] alias for `presets`"," * @param {String} [options.stdoutLines=100] maximum lines of ffmpeg output to keep in memory, use 0 for unlimited"," * @param {Number} [options.timeout=<no timeout>] ffmpeg processing timeout in seconds"," * @param {String|ReadableStream} [options.source=<no input>] alias for the `input` parameter"," */","function FfmpegCommand(input, options) {","  // Make 'new' optional","  if (!(this instanceof FfmpegCommand)) {","    return new FfmpegCommand(input, options);","  }","","  EventEmitter.call(this);","","  if (typeof input === 'object' && !('readable' in input)) {","    // Options object passed directly","    options = input;","  } else {","    // Input passed first","    options = options || {};","    options.source = input;","  }","","  // Add input if present","  this._inputs = [];","  if (options.source) {","    this.input(options.source);","  }","","  // Add target-less output for backwards compatibility","  this._outputs = [];","  this.output();","","  // Create argument lists","  var self = this;","  ['_global', '_complexFilters'].forEach(function(prop) {","    self[prop] = utils.args();","  });","","  // Set default option values","  options.stdoutLines = 'stdoutLines' in options ? options.stdoutLines : 100;","  options.presets = options.presets || options.preset || path.join(__dirname, 'presets');","  options.niceness = options.niceness || options.priority || 0;","","  // Save options","  this.options = options;","","  // Setup logger","  this.logger = options.logger || {","    debug: function() {},","    info: function() {},","    warn: function() {},","    error: function() {}","  };","}","util.inherits(FfmpegCommand, EventEmitter);","module.exports = FfmpegCommand;","","","/**"," * Clone an ffmpeg command"," *"," * This method is useful when you want to process the same input multiple times."," * It returns a new FfmpegCommand instance with the exact same options."," *"," * All options set _after_ the clone() call will only be applied to the instance"," * it has been called on."," *"," * @example"," *   var command = ffmpeg('/path/to/source.avi')"," *     .audioCodec('libfaac')"," *     .videoCodec('libx264')"," *     .format('mp4');"," *"," *   command.clone()"," *     .size('320x200')"," *     .save('/path/to/output-small.mp4');"," *"," *   command.clone()"," *     .size('640x400')"," *     .save('/path/to/output-medium.mp4');"," *"," *   command.save('/path/to/output-original-size.mp4');"," *"," * @method FfmpegCommand#clone"," * @return FfmpegCommand"," */","FfmpegCommand.prototype.clone = function() {","  var clone = new FfmpegCommand();","  var self = this;","","  // Clone options and logger","  clone.options = this.options;","  clone.logger = this.logger;","","  // Clone inputs","  clone._inputs = this._inputs.map(function(input) {","    return {","      source: input.source,","      options: input.options.clone()","    };","  });","","  // Create first output","  if ('target' in this._outputs[0]) {","    // We have outputs set, don't clone them and create first output","    clone._outputs = [];","    clone.output();","  } else {","    // No outputs set, clone first output options","    clone._outputs = [","      clone._currentOutput = {","        flags: {}","      }","    ];","","    ['audio', 'audioFilters', 'video', 'videoFilters', 'sizeFilters', 'options'].forEach(function(key) {","      clone._currentOutput[key] = self._currentOutput[key].clone();","    });","","    if (this._currentOutput.sizeData) {","      clone._currentOutput.sizeData = {};","      utils.copy(this._currentOutput.sizeData, clone._currentOutput.sizeData);","    }","","    utils.copy(this._currentOutput.flags, clone._currentOutput.flags);","  }","","  // Clone argument lists","  ['_global', '_complexFilters'].forEach(function(prop) {","    clone[prop] = self[prop].clone();","  });","","  return clone;","};","","","/* Add methods from options submodules */","","require('./options/inputs')(FfmpegCommand.prototype);","require('./options/audio')(FfmpegCommand.prototype);","require('./options/video')(FfmpegCommand.prototype);","require('./options/videosize')(FfmpegCommand.prototype);","require('./options/output')(FfmpegCommand.prototype);","require('./options/custom')(FfmpegCommand.prototype);","require('./options/misc')(FfmpegCommand.prototype);","","","/* Add processor methods */","","require('./processor')(FfmpegCommand.prototype);","","","/* Add capabilities methods */","","require('./capabilities')(FfmpegCommand.prototype);","","FfmpegCommand.setFfmpegPath = function(path) {","  (new FfmpegCommand()).setFfmpegPath(path);","};","","FfmpegCommand.setFfprobePath = function(path) {","  (new FfmpegCommand()).setFfprobePath(path);","};","","FfmpegCommand.setFlvtoolPath = function(path) {","  (new FfmpegCommand()).setFlvtoolPath(path);","};","","FfmpegCommand.availableFilters =","FfmpegCommand.getAvailableFilters = function(callback) {","  (new FfmpegCommand()).availableFilters(callback);","};","","FfmpegCommand.availableCodecs =","FfmpegCommand.getAvailableCodecs = function(callback) {","  (new FfmpegCommand()).availableCodecs(callback);","};","","FfmpegCommand.availableFormats =","FfmpegCommand.getAvailableFormats = function(callback) {","  (new FfmpegCommand()).availableFormats(callback);","};","","","/* Add ffprobe methods */","","require('./ffprobe')(FfmpegCommand.prototype);","","FfmpegCommand.ffprobe = function(file) {","  var instance = new FfmpegCommand(file);","  instance.ffprobe.apply(instance, Array.prototype.slice.call(arguments, 1));","};","","/* Add processing recipes */","","require('./recipes')(FfmpegCommand.prototype);",""],"l":{"4":1,"5":1,"6":1,"8":1,"9":1,"31":1,"33":0,"34":0,"37":0,"39":0,"41":0,"44":0,"45":0,"49":0,"50":0,"51":0,"55":0,"56":0,"59":0,"60":0,"61":0,"65":0,"66":0,"67":0,"70":0,"73":0,"80":1,"81":1,"112":1,"113":0,"114":0,"117":0,"118":0,"121":0,"122":0,"129":0,"131":0,"132":0,"135":0,"141":0,"142":0,"145":0,"146":0,"147":0,"150":0,"154":0,"155":0,"158":0,"164":1,"165":1,"166":1,"167":1,"168":1,"169":1,"170":1,"175":1,"180":1,"182":1,"183":0,"186":1,"187":0,"190":1,"191":0,"194":1,"196":0,"199":1,"201":0,"204":1,"206":0,"212":1,"214":1,"215":0,"216":0,"221":1}},"/home/travis/build/npmtest/node-npmtest-fluent-ffmpeg/node_modules/fluent-ffmpeg/lib/utils.js":{"path":"/home/travis/build/npmtest/node-npmtest-fluent-ffmpeg/node_modules/fluent-ffmpeg/lib/utils.js","s":{"1":1,"2":1,"3":1,"4":1,"5":1,"6":1,"7":1,"8":1,"9":0,"10":0,"11":0,"12":0,"13":0,"14":0,"15":0,"16":0,"17":0,"18":0,"19":0,"20":1,"21":0,"22":0,"23":0,"24":0,"25":0,"26":0,"27":0,"28":0,"29":0,"30":0,"31":0,"32":0,"33":0,"34":0,"35":0,"36":0,"37":0,"38":0,"39":0,"40":0,"41":0,"42":0,"43":0,"44":0,"45":0,"46":0,"47":0,"48":0,"49":0,"50":0,"51":0,"52":0,"53":0,"54":0,"55":0,"56":0,"57":0,"58":0,"59":0,"60":0,"61":0,"62":0,"63":0,"64":0,"65":0,"66":0,"67":0,"68":0,"69":0,"70":0,"71":0,"72":0,"73":0,"74":0,"75":0,"76":0,"77":0,"78":0,"79":0,"80":0,"81":0,"82":0,"83":0,"84":0,"85":0,"86":0,"87":0,"88":0,"89":0,"90":0,"91":0,"92":0,"93":0,"94":0,"95":0,"96":0,"97":0,"98":0,"99":0,"100":0,"101":0,"102":0,"103":0,"104":0,"105":0,"106":0,"107":0,"108":0,"109":0,"110":0,"111":0,"112":0,"113":0,"114":0,"115":0,"116":0,"117":0,"118":0,"119":0,"120":0,"121":0,"122":0,"123":0,"124":0,"125":0,"126":0,"127":0,"128":0,"129":0,"130":0,"131":0,"132":0,"133":0,"134":0,"135":0,"136":0,"137":0,"138":0,"139":0,"140":1,"141":0,"142":0,"143":0,"144":0,"145":0,"146":0,"147":0,"148":0,"149":0,"150":0,"151":0,"152":0,"153":0,"154":0,"155":0,"156":0,"157":0,"158":0,"159":0,"160":0,"161":0,"162":0,"163":0,"164":0,"165":0,"166":0,"167":0,"168":0,"169":0,"170":0,"171":0,"172":0,"173":0,"174":0,"175":0,"176":0,"177":0,"178":0,"179":0},"b":{"1":[0,0],"2":[0,0],"3":[0,0],"4":[0,0],"5":[0,0],"6":[0,0],"7":[0,0],"8":[0,0],"9":[0,0],"10":[0,0],"11":[0,0],"12":[0,0],"13":[0,0],"14":[0,0],"15":[0,0],"16":[0,0],"17":[0,0],"18":[0,0],"19":[0,0],"20":[0,0],"21":[0,0],"22":[0,0],"23":[0,0],"24":[0,0],"25":[0,0],"26":[0,0],"27":[0,0],"28":[0,0],"29":[0,0],"30":[0,0],"31":[0,0],"32":[0,0],"33":[0,0],"34":[0,0],"35":[0,0],"36":[0,0],"37":[0,0],"38":[0,0],"39":[0,0],"40":[0,0],"41":[0,0],"42":[0,0],"43":[0,0],"44":[0,0],"45":[0,0],"46":[0,0],"47":[0,0],"48":[0,0],"49":[0,0],"50":[0,0],"51":[0,0],"52":[0,0],"53":[0,0],"54":[0,0],"55":[0,0],"56":[0,0],"57":[0,0],"58":[0,0]},"f":{"1":0,"2":0,"3":0,"4":0,"5":0,"6":0,"7":0,"8":0,"9":0,"10":0,"11":0,"12":0,"13":0,"14":0,"15":0,"16":0,"17":0,"18":0,"19":0,"20":0,"21":0,"22":0,"23":0,"24":0,"25":0,"26":0,"27":0,"28":0,"29":0,"30":0,"31":0,"32":0},"fnMap":{"1":{"name":"parseProgressLine","line":20,"loc":{"start":{"line":20,"column":0},"end":{"line":20,"column":33}}},"2":{"name":"(anonymous_2)","line":56,"loc":{"start":{"line":56,"column":8},"end":{"line":56,"column":31}}},"3":{"name":"(anonymous_3)","line":57,"loc":{"start":{"line":57,"column":32},"end":{"line":57,"column":46}}},"4":{"name":"(anonymous_4)","line":75,"loc":{"start":{"line":75,"column":8},"end":{"line":75,"column":19}}},"5":{"name":"(anonymous_5)","line":79,"loc":{"start":{"line":79,"column":18},"end":{"line":79,"column":29}}},"6":{"name":"(anonymous_6)","line":88,"loc":{"start":{"line":88,"column":20},"end":{"line":88,"column":31}}},"7":{"name":"(anonymous_7)","line":93,"loc":{"start":{"line":93,"column":18},"end":{"line":93,"column":29}}},"8":{"name":"(anonymous_8)","line":98,"loc":{"start":{"line":98,"column":19},"end":{"line":98,"column":40}}},"9":{"name":"(anonymous_9)","line":106,"loc":{"start":{"line":106,"column":21},"end":{"line":106,"column":42}}},"10":{"name":"(anonymous_10)","line":114,"loc":{"start":{"line":114,"column":20},"end":{"line":114,"column":31}}},"11":{"name":"(anonymous_11)","line":138,"loc":{"start":{"line":138,"column":21},"end":{"line":138,"column":39}}},"12":{"name":"(anonymous_12)","line":139,"loc":{"start":{"line":139,"column":23},"end":{"line":139,"column":44}}},"13":{"name":"(anonymous_13)","line":154,"loc":{"start":{"line":154,"column":46},"end":{"line":154,"column":67}}},"14":{"name":"(anonymous_14)","line":171,"loc":{"start":{"line":171,"column":55},"end":{"line":171,"column":72}}},"15":{"name":"(anonymous_15)","line":180,"loc":{"start":{"line":180,"column":68},"end":{"line":180,"column":85}}},"16":{"name":"(anonymous_16)","line":194,"loc":{"start":{"line":194,"column":47},"end":{"line":194,"column":68}}},"17":{"name":"(anonymous_17)","line":215,"loc":{"start":{"line":215,"column":9},"end":{"line":215,"column":34}}},"18":{"name":"(anonymous_18)","line":220,"loc":{"start":{"line":220,"column":16},"end":{"line":220,"column":37}}},"19":{"name":"(anonymous_19)","line":237,"loc":{"start":{"line":237,"column":21},"end":{"line":237,"column":40}}},"20":{"name":"(anonymous_20)","line":275,"loc":{"start":{"line":275,"column":20},"end":{"line":275,"column":64}}},"21":{"name":"(anonymous_21)","line":327,"loc":{"start":{"line":327,"column":19},"end":{"line":327,"column":59}}},"22":{"name":"(anonymous_22)","line":357,"loc":{"start":{"line":357,"column":16},"end":{"line":357,"column":33}}},"23":{"name":"(anonymous_23)","line":359,"loc":{"start":{"line":359,"column":41},"end":{"line":359,"column":69}}},"24":{"name":"(anonymous_24)","line":379,"loc":{"start":{"line":379,"column":13},"end":{"line":379,"column":32}}},"25":{"name":"emit","line":386,"loc":{"start":{"line":386,"column":4},"end":{"line":386,"column":24}}},"26":{"name":"(anonymous_26)","line":387,"loc":{"start":{"line":387,"column":18},"end":{"line":387,"column":31}}},"27":{"name":"(anonymous_27)","line":391,"loc":{"start":{"line":391,"column":16},"end":{"line":391,"column":29}}},"28":{"name":"(anonymous_28)","line":392,"loc":{"start":{"line":392,"column":22},"end":{"line":392,"column":34}}},"29":{"name":"(anonymous_29)","line":396,"loc":{"start":{"line":396,"column":14},"end":{"line":396,"column":28}}},"30":{"name":"(anonymous_30)","line":418,"loc":{"start":{"line":418,"column":27},"end":{"line":418,"column":39}}},"31":{"name":"(anonymous_31)","line":429,"loc":{"start":{"line":429,"column":11},"end":{"line":429,"column":22}}},"32":{"name":"(anonymous_32)","line":437,"loc":{"start":{"line":437,"column":13},"end":{"line":437,"column":24}}}},"statementMap":{"1":{"start":{"line":4,"column":0},"end":{"line":4,"column":41}},"2":{"start":{"line":5,"column":0},"end":{"line":5,"column":61}},"3":{"start":{"line":6,"column":0},"end":{"line":6,"column":29}},"4":{"start":{"line":8,"column":0},"end":{"line":8,"column":29}},"5":{"start":{"line":9,"column":0},"end":{"line":9,"column":35}},"6":{"start":{"line":10,"column":0},"end":{"line":10,"column":31}},"7":{"start":{"line":11,"column":0},"end":{"line":11,"column":20}},"8":{"start":{"line":20,"column":0},"end":{"line":41,"column":1}},"9":{"start":{"line":21,"column":2},"end":{"line":21,"column":20}},"10":{"start":{"line":24,"column":2},"end":{"line":24,"column":44}},"11":{"start":{"line":25,"column":2},"end":{"line":25,"column":38}},"12":{"start":{"line":28,"column":2},"end":{"line":38,"column":3}},"13":{"start":{"line":29,"column":4},"end":{"line":29,"column":55}},"14":{"start":{"line":30,"column":4},"end":{"line":30,"column":31}},"15":{"start":{"line":31,"column":4},"end":{"line":31,"column":33}},"16":{"start":{"line":34,"column":4},"end":{"line":35,"column":18}},"17":{"start":{"line":35,"column":6},"end":{"line":35,"column":18}},"18":{"start":{"line":37,"column":4},"end":{"line":37,"column":26}},"19":{"start":{"line":40,"column":2},"end":{"line":40,"column":18}},"20":{"start":{"line":44,"column":0},"end":{"line":455,"column":2}},"21":{"start":{"line":57,"column":4},"end":{"line":59,"column":7}},"22":{"start":{"line":58,"column":6},"end":{"line":58,"column":30}},"23":{"start":{"line":76,"column":4},"end":{"line":76,"column":18}},"24":{"start":{"line":79,"column":4},"end":{"line":85,"column":6}},"25":{"start":{"line":80,"column":6},"end":{"line":84,"column":7}},"26":{"start":{"line":81,"column":8},"end":{"line":81,"column":41}},"27":{"start":{"line":83,"column":8},"end":{"line":83,"column":53}},"28":{"start":{"line":88,"column":4},"end":{"line":90,"column":6}},"29":{"start":{"line":89,"column":6},"end":{"line":89,"column":16}},"30":{"start":{"line":93,"column":4},"end":{"line":95,"column":6}},"31":{"start":{"line":94,"column":6},"end":{"line":94,"column":18}},"32":{"start":{"line":98,"column":4},"end":{"line":103,"column":6}},"33":{"start":{"line":99,"column":6},"end":{"line":99,"column":36}},"34":{"start":{"line":100,"column":6},"end":{"line":102,"column":7}},"35":{"start":{"line":101,"column":8},"end":{"line":101,"column":63}},"36":{"start":{"line":106,"column":4},"end":{"line":111,"column":6}},"37":{"start":{"line":107,"column":6},"end":{"line":107,"column":36}},"38":{"start":{"line":108,"column":6},"end":{"line":110,"column":7}},"39":{"start":{"line":109,"column":8},"end":{"line":109,"column":45}},"40":{"start":{"line":114,"column":4},"end":{"line":118,"column":6}},"41":{"start":{"line":115,"column":6},"end":{"line":115,"column":32}},"42":{"start":{"line":116,"column":6},"end":{"line":116,"column":19}},"43":{"start":{"line":117,"column":6},"end":{"line":117,"column":20}},"44":{"start":{"line":120,"column":4},"end":{"line":120,"column":19}},"45":{"start":{"line":139,"column":4},"end":{"line":202,"column":7}},"46":{"start":{"line":140,"column":6},"end":{"line":142,"column":7}},"47":{"start":{"line":141,"column":8},"end":{"line":141,"column":26}},"48":{"start":{"line":144,"column":6},"end":{"line":144,"column":28}},"49":{"start":{"line":153,"column":6},"end":{"line":159,"column":7}},"50":{"start":{"line":154,"column":8},"end":{"line":156,"column":20}},"51":{"start":{"line":155,"column":10},"end":{"line":155,"column":58}},"52":{"start":{"line":157,"column":13},"end":{"line":159,"column":7}},"53":{"start":{"line":158,"column":8},"end":{"line":158,"column":72}},"54":{"start":{"line":162,"column":6},"end":{"line":162,"column":40}},"55":{"start":{"line":165,"column":6},"end":{"line":190,"column":7}},"56":{"start":{"line":166,"column":8},"end":{"line":189,"column":9}},"57":{"start":{"line":168,"column":10},"end":{"line":168,"column":51}},"58":{"start":{"line":169,"column":15},"end":{"line":189,"column":9}},"59":{"start":{"line":171,"column":10},"end":{"line":177,"column":23}},"60":{"start":{"line":172,"column":12},"end":{"line":176,"column":13}},"61":{"start":{"line":173,"column":14},"end":{"line":173,"column":42}},"62":{"start":{"line":175,"column":14},"end":{"line":175,"column":28}},"63":{"start":{"line":178,"column":15},"end":{"line":189,"column":9}},"64":{"start":{"line":180,"column":10},"end":{"line":188,"column":23}},"65":{"start":{"line":181,"column":12},"end":{"line":181,"column":51}},"66":{"start":{"line":183,"column":12},"end":{"line":185,"column":13}},"67":{"start":{"line":184,"column":14},"end":{"line":184,"column":42}},"68":{"start":{"line":187,"column":12},"end":{"line":187,"column":40}},"69":{"start":{"line":193,"column":6},"end":{"line":199,"column":7}},"70":{"start":{"line":194,"column":8},"end":{"line":196,"column":20}},"71":{"start":{"line":195,"column":10},"end":{"line":195,"column":58}},"72":{"start":{"line":197,"column":13},"end":{"line":199,"column":7}},"73":{"start":{"line":198,"column":8},"end":{"line":198,"column":73}},"74":{"start":{"line":201,"column":6},"end":{"line":201,"column":26}},"75":{"start":{"line":216,"column":4},"end":{"line":218,"column":5}},"76":{"start":{"line":217,"column":6},"end":{"line":217,"column":46}},"77":{"start":{"line":220,"column":4},"end":{"line":226,"column":7}},"78":{"start":{"line":221,"column":6},"end":{"line":224,"column":7}},"79":{"start":{"line":223,"column":8},"end":{"line":223,"column":53}},"80":{"start":{"line":225,"column":6},"end":{"line":225,"column":48}},"81":{"start":{"line":238,"column":4},"end":{"line":240,"column":5}},"82":{"start":{"line":239,"column":6},"end":{"line":239,"column":22}},"83":{"start":{"line":242,"column":4},"end":{"line":244,"column":5}},"84":{"start":{"line":243,"column":6},"end":{"line":243,"column":30}},"85":{"start":{"line":246,"column":4},"end"
[...]
n(outdir, filename),","        html = view.render('container.tmpl', docData);","","    if (resolveLinks) {","        html = helper.resolveLinks(html); // turn {@link foo} into <a href=\"foodoc.html\">foo</a>","    }","","    // Ensure <pre> tags have pretty print class","    html = html.replace(/<pre>/g, '<pre class=\"prettyprint\">');","","    fs.writeFileSync(outpath, html, 'utf8');","}","","function generateSourceFiles(sourceFiles, encoding) {","    encoding = encoding || 'utf8';","    Object.keys(sourceFiles).forEach(function(file) {","        var source;","        // links are keyed to the shortened path in each doclet's `meta.shortpath` property","        var sourceOutfile = helper.getUniqueFilename(sourceFiles[file].shortened);","        helper.registerLink(sourceFiles[file].shortened, sourceOutfile);","","        try {","            source = {","                kind: 'source',","                code: helper.htmlsafe( fs.readFileSync(sourceFiles[file].resolved, encoding) )","            };","        }","        catch(e) {","            logger.error('Error while generating source file %s: %s', file, e.message);","        }","","        generate('Source: ' + sourceFiles[file].shortened, [source], sourceOutfile,","            false);","    });","}","","/**"," * Look for classes or functions with the same name as modules (which indicates that the module"," * exports only that class or function), then attach the classes or functions to the `module`"," * property of the appropriate module doclets. The name of each class or function is also updated"," * for display purposes. This function mutates the original arrays."," *"," * @private"," * @param {Array.<module:jsdoc/doclet.Doclet>} doclets - The array of classes and functions to"," * check."," * @param {Array.<module:jsdoc/doclet.Doclet>} modules - The array of module doclets to search."," */","function attachModuleSymbols(doclets, modules) {","    var symbols = {};","","    // build a lookup table","    doclets.forEach(function(symbol) {","        symbols[symbol.longname] = symbol;","    });","","    return modules.map(function(module) {","        if (symbols[module.longname]) {","            module.module = symbols[module.longname];","            module.module.name = module.module.name.replace('module:', 'require(\"') + '\")';","        }","    });","}","","function buildReadmeNav(readme) {","    var nav = '';","","    var prevLevel = '0';","    nav += '<ul>';","","    readme = readme.replace(/<h([23])>([^<]*)<\\/h[23]>/g, function(match, level, title) {","        if (title.trim().length > 0) {","            var titlelink = title.toLowerCase().replace(/[^a-z]/g, '-');","","            if (level === '2') {","                if (prevLevel === '2' || prevLevel === '3') {","                    nav += '</ul>';","                }","","                nav += '<li><a href=\"index.html#' + titlelink + '\">' + title + '</a></li><ul>';","            } else {","                nav += '<li><a href=\"index.html#' + titlelink + '\">' + title + '</a></li>';","            }","","            prevLevel = level;","            match = '<a name=\"' + titlelink + '\"></a>' + match;","        }","","        return match;","    });","","    nav += '</ul></ul>';","    return { nav: nav, readme: readme };","}","","/**"," * Create the navigation sidebar."," * @param {String} readmeNav The readme TOC"," * @param {object} members The members that will be used to create the sidebar."," * @param {array<object>} members.classes"," * @param {array<object>} members.externals"," * @param {array<object>} members.globals"," * @param {array<object>} members.mixins"," * @param {array<object>} members.modules"," * @param {array<object>} members.namespaces"," * @param {array<object>} members.tutorials"," * @param {array<object>} members.events"," * @return {string} The HTML for the navigation sidebar."," */","function buildNav(readmeNav, members) {","    var nav = '<h2><a href=\"index.html\">Index</a></h2>' + readmeNav,","        seen = {},","        hasClassList = false,","        classNav = '',","        globalNav = '';","","","","    if (members.modules.length) {","        nav += '<h3>Modules</h3><ul>';","        members.modules.forEach(function(m) {","            if ( !hasOwnProp.call(seen, m.longname) ) {","                nav += '<li>'+linkto(m.longname, m.name)+'</li>';","            }","            seen[m.longname] = true;","        });","","        nav += '</ul>';","    }","","    if (members.externals.length) {","        nav += '<h3>Externals</h3><ul>';","        members.externals.forEach(function(e) {","            if ( !hasOwnProp.call(seen, e.longname) ) {","                nav += '<li>'+linkto( e.longname, e.name.replace(/(^\"|\"$)/g, '') )+'</li>';","            }","            seen[e.longname] = true;","        });","","        nav += '</ul>';","    }","","    if (members.classes.length) {","        members.classes.forEach(function(c) {","            if ( !hasOwnProp.call(seen, c.longname) ) {","                classNav += '<li>'+linkto(c.longname, c.name)+'</li>';","                if (c.longname in members.categories) {","                    classNav += '<ul>' + members.categories[c.longname].reduce(function(nav, cat) {","                        return nav + '<li> ' + getCategoryLink(c.longname, cat) + '</li>';","                    }, '') + '</ul>';","                }","            }","            seen[c.longname] = true;","        });","","        if (classNav !== '') {","            nav += '<h3>Classes</h3><ul>';","            nav += classNav;","            nav += '</ul>';","        }","    }","","    /*if (members.events.length) {","        nav += '<h3>Events</h3><ul>';","        members.events.forEach(function(e) {","            if ( !hasOwnProp.call(seen, e.longname) ) {","                nav += '<li>'+linkto(e.longname, e.name)+'</li>';","            }","            seen[e.longname] = true;","        });","","        nav += '</ul>';","    }*/","","    if (members.namespaces.length) {","        nav += '<h3>Namespaces</h3><ul>';","        members.namespaces.forEach(function(n) {","            if ( !hasOwnProp.call(seen, n.longname) ) {","                nav += '<li>'+linkto(n.longname, n.name)+'</li>';","            }","            seen[n.longname] = true;","        });","","        nav += '</ul>';","    }","","    if (members.mixins.length) {","        nav += '<h3>Mixins</h3><ul>';","        members.mixins.forEach(function(m) {","            if ( !hasOwnProp.call(seen, m.longname) ) {","                nav += '<li>'+linkto(m.longname, m.name)+'</li>';","            }","            seen[m.longname] = true;","        });","","        nav += '</ul>';","    }","","    if (members.tutorials.length) {","        nav += '<h3>Tutorials</h3><ul>';","        members.tutorials.forEach(function(t) {","            nav += '<li>'+tutoriallink(t.name)+'</li>';","        });","","        nav += '</ul>';","    }","","    if (members.globals.length) {","        members.globals.forEach(function(g) {","            if ( g.kind !== 'typedef' && !hasOwnProp.call(seen, g.longname) ) {","                globalNav += '<li>' + linkto(g.longname, g.name) + '</li>';","            }","            seen[g.longname] = true;","        });","","        if (!globalNav) {","            // turn the heading into a link so you can actually get to the global page","            nav += '<h3>' + linkto('global', 'Global') + '</h3>';","        }","        else {","            nav += '<h3>Global</h3><ul>' + globalNav + '</ul>';","        }","    }","","    return nav;","}","","/**","    @param {TAFFY} taffyData See <http://taffydb.com/>.","    @param {object} opts","    @param {Tutorial} tutorials"," */","exports.publish = function(taffyData, opts, tutorials) {","    data = taffyData;","","    var conf = env.conf.templates || {};","    conf['default'] = conf['default'] || {};","","    var templatePath = opts.template;","    view = new template.Template(templatePath + '/tmpl');","","    // claim some special filenames in advance, so the All-Powerful Overseer of Filename Uniqueness","    // doesn't try to hand them out later","    var indexUrl = helper.getUniqueFilename('index');","    // don't call registerLink() on this one! 'index' is also a valid longname","","    var globalUrl = helper.getUniqueFilename('global');","    helper.registerLink('global', globalUrl);","","    // set up templating","    view.layout = conf['default'].layoutFile ?","        path.getResourcePath(path.dirname(conf['default'].layoutFile),","            path.basename(conf['default'].layoutFile) ) :","        'layout.tmpl';","","    // set up tutorials for helper","    helper.setTutorials(tutorials);","","    data = helper.prune(data);","    data.sort('longname, version, since');","    helper.addEventListeners(data);","","    var sourceFiles = {};","    var sourceFilePaths = [];","    data().each(function(doclet) {","         doclet.attribs = '';","","        if (doclet.examples) {","            doclet.examples = doclet.examples.map(function(example) {","                var caption, code;","","                if (example.match(/^\\s*<caption>([\\s\\S]+?)<\\/caption>(\\s*[\\n\\r])([\\s\\S]+)$/i)) {","                    caption = RegExp.$1;","                    code    = RegExp.$3;","                }","","                return {","                    caption: caption || '',","                    code: code || example","                };","            });","        }","        if (doclet.see) {","            doclet.see.forEach(function(seeItem, i) {","                doclet.see[i] = hashToLink(doclet, seeItem);","            });","        }","","        // build a list of source files","        var sourcePath;","        if (doclet.meta) {","            sourcePath = getPathFromDoclet(doclet);","            sourceFiles[sourcePath] = {","                resolved: sourcePath,","                shortened: null","            };","            if (sourceFilePaths.indexOf(sourcePath) === -1) {","                sourceFilePaths.push(sourcePath);","            }","        }","    });","","    // update outdir if necessary, then create outdir","    var packageInfo = ( find({kind: 'package'}) || [] ) [0];","    if (packageInfo && packageInfo.name) {","        outdir = path.join(outdir, packageInfo.name, packageInfo.version);","    }","    fs.mkPath(outdir);","","    // copy the template's static files to outdir","    var fromDir = path.join(templatePath, 'static');","    var staticFiles = fs.ls(fromDir, 3);","","    staticFiles.forEach(function(fileName) {","        var toDir = fs.toDir( fileName.replace(fromDir, outdir) );","        fs.mkPath(toDir);","        fs.copyFileSync(fileName, toDir);","    });","","    // copy user-specified static files to outdir","    var staticFilePaths;","    var staticFileFilter;","    var staticFileScanner;","    if (conf['default'].staticFiles) {","        staticFilePaths = conf['default'].staticFiles.paths || [];","        staticFileFilter = new (require('jsdoc/src/filter')).Filter(conf['default'].staticFiles);","        staticFileScanner = new (require('jsdoc/src/scanner')).Scanner();","","        staticFilePaths.forEach(function(filePath) {","            var extraStaticFiles = staticFileScanner.scan([filePath], 10, staticFileFilter);","","            extraStaticFiles.forEach(function(fileName) {","                var sourcePath = fs.toDir(filePath);","                var toDir = fs.toDir( fileName.replace(sourcePath, outdir) );","                fs.mkPath(toDir);","                fs.copyFileSync(fileName, toDir);","            });","        });","    }","","    if (sourceFilePaths.length) {","        sourceFiles = shortenPaths( sourceFiles, path.commonPrefix(sourceFilePaths) );","    }","    data().each(function(doclet) {","        var url = helper.createLink(doclet);","        helper.registerLink(doclet.longname, url);","","        // add a shortened version of the full path","        var docletPath;","        if (doclet.meta) {","            docletPath = getPathFromDoclet(doclet);","            docletPath = sourceFiles[docletPath].shortened;","            if (docletPath) {","                doclet.meta.shortpath = docletPath;","            }","        }","    });","","    data().each(function(doclet) {","        var url = helper.longnameToUrl[doclet.longname];","","        if (url.indexOf('#') > -1) {","            doclet.id = helper.longnameToUrl[doclet.longname].split(/#/).pop();","        }","        else {","            doclet.id = doclet.name;","        }","","        if ( needsSignature(doclet) ) {","            addSignatureParams(doclet);","            addSignatureReturns(doclet);","            addAttribs(doclet);","        }","    });","","    // do this after the urls have all been generated","    data().each(function(doclet) {","        doclet.ancestors = getAncestorLinks(doclet);","","        if (doclet.kind === 'member') {","            addSignatureTypes(doclet);","            addAttribs(doclet);","        }","","        if (doclet.kind === 'constant') {","            addSignatureTypes(doclet);","            addAttribs(doclet);","            doclet.kind = 'member';","        }","    });","","    var members = helper.getMembers(data);","    members.tutorials = tutorials.children;","    members.categories = data('method').get().reduce(function(cats, method) {","        if (!(method.memberof in cats)) {","            cats[method.memberof] = [];","        }","","        var cat = method.category || 'Other';","        if (cats[method.memberof].indexOf(cat) === -1) {","            cats[method.memberof].push(cat);","            cats[method.memberof] = cats[method.memberof].sort();","        }","","        return cats;","    }, {});","","    // output pretty-printed source files by default","    var outputSourceFiles = conf['default'] && conf['default'].outputSourceFiles !== false ? true :","        false;","","    // add template helpers","    view.find = find;","    view.linkto = linkto;","    view.resolveAuthorLinks = resolveAuthorLinks;","    view.tutoriallink = tutoriallink;","    view.htmlsafe = htmlsafe;","    view.outputSourceFiles = outputSourceFiles;","","    // Build readme nav","    var readmeNav = buildReadmeNav(opts.readme);","    opts.readme = readmeNav.readme;","","    // once for all","    view.nav = buildNav(readmeNav.nav, members);","    attachModuleSymbols( find({ kind: ['class', 'function'], longname: {left: 'module:'} }),","        members.modules );","","    // generate the pretty-printed source files first so other pages can link to them","    if (outputSourceFiles) {","        generateSourceFiles(sourceFiles, opts.encoding);","    }","","    if (members.globals.length) { generate('Global', [{kind: 'globalobj'}], globalUrl); }","","    // index page displays information from package.json and lists files","    var files = find({kind: 'file'}),","        packages = find({kind: 'package'});","","    generate('Index',","        packages.concat(","            [{kind: 'mainpage', readme: opts.readme, longname: (opts.mainpagetitle) ? opts.mainpagetitle : 'Main Page'}]","        ).concat(files),","    indexUrl);","","    // set up the lists that we'll use to generate pages","    var classes = taffy(members.classes);","    var modules = taffy(members.modules);","    var namespaces = taffy(members.namespaces);","    var mixins = taffy(members.mixins);","    var externals = taffy(members.externals);","","    Object.keys(helper.longnameToUrl).forEach(function(longname) {","        var myClasses = helper.find(classes, {longname: longname});","        if (myClasses.length) {","            generate('Class: ' + myClasses[0].name, myClasses, helper.longnameToUrl[longname]);","        }","","        var myModules = helper.find(modules, {longname: longname});","        if (myModules.length) {","            generate('Module: ' + myModules[0].name, myModules, helper.longnameToUrl[longname]);","        }","","        var myNamespaces = helper.find(namespaces, {longname: longname});","        if (myNamespaces.length) {","            generate('Namespace: ' + myNamespaces[0].name, myNamespaces, helper.longnameToUrl[longname]);","        }","","        var myMixins = helper.find(mixins, {longname: longname});","        if (myMixins.length) {","            generate('Mixin: ' + myMixins[0].name, myMixins, helper.longnameToUrl[longname]);","        }","","        var myExternals = helper.find(externals, {longname: longname});","        if (myExternals.length) {","            generate('External: ' + myExternals[0].name, myExternals, helper.longnameToUrl[longname]);","        }","    });","","    // TODO: move the tutorial functions to templateHelper.js","    function generateTutorial(title, tutorial, filename) {","        var tutorialData = {","            title: title,","            header: tutorial.title,","            content: tutorial.parse(),","            children: tutorial.children","        };","","        var tutorialPath = path.join(outdir, filename),","            html = view.render('tutorial.tmpl', tutorialData);","","        // yes, you can use {@link} in tutorials too!","        html = helper.resolveLinks(html); // turn {@link foo} into <a href=\"foodoc.html\">foo</a>","","        fs.writeFileSync(tutorialPath, html, 'utf8');","    }","","    // tutorials can have only one parent so there is no risk for loops","    function saveChildren(node) {","        node.children.forEach(function(child) {","            generateTutorial('Tutorial: ' + child.title, child, helper.tutorialToUrl(child.name));","            saveChildren(child);","        });","    }","    saveChildren(tutorials);","};",""],"l":{"4":2,"19":1,"20":0,"23":1,"24":0,"27":1,"28":0,"31":1,"32":0,"35":1,"36":0,"38":0,"40":0,"41":0,"44":1,"45":0,"48":0,"49":0,"52":0,"54":0,"55":0,"56":0,"57":0,"62":0,"65":1,"66":0,"68":0,"71":1,"72":0,"74":0,"80":1,"81":0,"83":0,"86":1,"87":0,"89":0,"94":1,"95":0,"96":0,"101":0,"104":1,"105":0,"106":0,"109":0,"114":1,"115":0,"117":0,"122":0,"125":0,"126":0,"130":0,"132":0,"135":1,"136":0,"137":0,"138":0,"140":0,"141":0,"143":0,"144":0,"150":0,"153":0,"169":1,"170":0,"173":0,"174":0,"177":0,"178":0,"179":0,"180":0,"185":1,"186":0,"188":0,"189":0,"191":0,"192":0,"193":0,"195":0,"196":0,"197":0,"200":0,"202":0,"205":0,"206":0,"209":0,"212":0,"213":0,"230":1,"231":0,"239":0,"240":0,"241":0,"242":0,"243":0,"245":0,"248":0,"251":0,"252":0,"253":0,"254":0,"255":0,"257":0,"260":0,"263":0,"264":0,"265":0,"266":0,"267":0,"268":0,"269":0,"273":0,"276":0,"277":0,"278":0,"279":0,"295":0,"296":0,"297":0,"298":0,"299":0,"301":0,"304":0,"307":0,"308":0,"309":0,"310":0,"311":0,"313":0,"316":0,"319":0,"320":0,"321":0,"322":0,"325":0,"328":0,"329":0,"330":0,"331":0,"333":0,"336":0,"338":0,"341":0,"345":0,"353":0,"354":0,"356":0,"357":0,"359":0,"360":0,"364":0,"367":0,"368":0,"371":0,"377":0,"379":0,"380":0,"381":0,"383":0,"384":0,"385":0,"386":0,"388":0,"389":0,"390":0,"392":0,"393":0,"394":0,"397":0,"403":0,"404":0,"405":0,"410":0,"411":0,"412":0,"413":0,"417":0,"418":0,"424":0,"425":0,"426":0,"428":0,"431":0,"432":0,"434":0,"435":0,"436":0,"437":0,"441":0,"442":0,"443":0,"444":0,"445":0,"446":0,"447":0,"449":0,"450":0,"452":0,"453":0,"454":0,"455":0,"456":0,"461":0,"462":0,"464":0,"465":0,"466":0,"469":0,"470":0,"471":0,"472":0,"473":0,"474":0,"479":0,"480":0,"482":0,"483":0,"486":0,"489":0,"490":0,"491":0,"492":0,"497":0,"498":0,"500":0,"501":0,"502":0,"505":0,"506":0,"507":0,"508":0,"512":0,"513":0,"514":0,"515":0,"516":0,"519":0,"520":0,"521":0,"522":0,"525":0,"529":0,"533":0,"534":0,"535":0,"536":0,"537":0,"538":0,"541":0,"542":0,"545":0,"546":0,"550":0,"551":0,"554":0,"557":0,"560":0,"567":0,"568":0,"569":0,"570":0,"571":0,"573":0,"574":0,"575":0,"576":0,"579":0,"580":0,"581":0,"584":0,"585":0,"586":0,"589":0,"590":0,"591":0,"594":0,"595":0,"596":0,"601":1,"602":0,"609":0,"613":0,"615":0,"619":1,"620":0,"621":0,"622":0,"625":0}}}